Log file open, 05/17/17 19:30:52
LogInit:Display: Running engine for game: MyProject
LogPlatformFile: Not using cached read wrapper
LogInit:Display: RandInit(-386460436) SRandInit(-386460428).
LogTaskGraph: Started task graph with 5 named threads and 8 total threads with 1 sets of task threads.
LogStats: Stats thread started at 0.072324
LogInit: Using libcurl 7.47.1
LogInit:  - built for x86_64-pc-win32
LogInit:  - supports SSL with OpenSSL/1.0.2g
LogInit:  - supports HTTP deflate (compression) using libz 1.2.8
LogInit:  - other features:
LogInit:      CURL_VERSION_SSL
LogInit:      CURL_VERSION_LIBZ
LogInit:      CURL_VERSION_IPV6
LogInit:      CURL_VERSION_ASYNCHDNS
LogInit:      CURL_VERSION_LARGEFILE
LogInit:      CURL_VERSION_IDN
LogInit:  CurlRequestOptions (configurable via config and command line):
LogInit:  - bVerifyPeer = false  - Libcurl will NOT verify peer certificate
LogInit:  - bUseHttpProxy = false  - Libcurl will NOT use HTTP proxy
LogInit:  - bDontReuseConnections = false  - Libcurl will reuse connections
LogInit:  - CertBundlePath = nullptr  - Libcurl will use whatever was configured at build time.
LogInit: Build: ++UE4+Release-4.15-CL-3348071
LogInit: Engine Version: 4.15.1-3348071+++UE4+Release-4.15
LogInit: Compatible Engine Version: 4.15.0-3299760+++UE4+Release-4.15
LogInit: Net CL: 3299760
LogDevObjectVersion: Number of dev versions registered: 14
LogDevObjectVersion:   Dev-Blueprints (B0D832E4-1F89-4F0D-ACCF-7EB736FD4AA2): 8
LogDevObjectVersion:   Dev-Build (E1C64328-A22C-4D53-A36C-8E866417BD8C): 0
LogDevObjectVersion:   Dev-Core (375EC13C-06E4-48FB-B500-84F0262A717E): 2
LogDevObjectVersion:   Dev-Editor (E4B068ED-F494-42E9-A231-DA0B2E46BB41): 14
LogDevObjectVersion:   Dev-Framework (CFFC743F-43B0-4480-9391-14DF171D2073): 22
LogDevObjectVersion:   Dev-Mobile (B02B49B5-BB20-44E9-A304-32B752E40360): 0
LogDevObjectVersion:   Dev-Networking (A4E4105C-59A1-49B5-A7C5-40C4547EDFEE): 0
LogDevObjectVersion:   Dev-Online (39C831C9-5AE6-47DC-9A44-9C173E1C8E7C): 0
LogDevObjectVersion:   Dev-Physics (78F01B33-EBEA-4F98-B9B4-84EACCB95AA2): 0
LogDevObjectVersion:   Dev-Platform (6631380F-2D4D-43E0-8009-CF276956A95A): 0
LogDevObjectVersion:   Dev-Rendering (12F88B9F-8875-4AFC-A67C-D90C383ABD29): 12
LogDevObjectVersion:   Dev-Sequencer (7B5AE74C-D270-4C10-A958-57980B212A5A): 3
LogDevObjectVersion:   Dev-VR (D7296918-1DD6-4BDD-9DE2-64A83CC13884): 0
LogDevObjectVersion:   Dev-LoadTimes (C2A15278-BFE7-4AFE-6C17-90FF531DF755): 1
LogInit: Compiled (64-bit): Mar 15 2017 16:52:47
LogInit: Compiled with Visual C++: 19.00.23026.00
LogInit: Build Configuration: Development
LogInit: Branch Name: ++UE4+Release-4.15
LogInit: Command line:  /Temp/Autosaves/Game/StarterContent/Maps/UEDPCMinimal_Default -game -PIEVIACONSOLE -ResX=1280 -ResY=720  -Multiprocess -messaging -SessionName="Play in Standalone Game" -featureleveles2 -faketouches -windowed 
LogInit: Base directory: C:/Program Files/Epic Games/UE_4.15/Engine/Binaries/Win64/
LogInit: Installed Engine Build: 1
LogInit: Presizing for max 8388607 objects, including 0 objects not considered by GC, pre-allocating 0 bytes for permanent pool.
LogInit: Object subsystem initialized
[2017.05.17-18.30.53:223][  0]LogInit: Selected Device Profile: [Windows]
[2017.05.17-18.30.53:223][  0]LogInit: Applying CVar settings loaded from the selected device profile: [Windows]
[2017.05.17-18.30.53:226][  0]LogInit: Computer: JAMESDESKTOP
[2017.05.17-18.30.53:226][  0]LogInit: User: james
[2017.05.17-18.30.53:226][  0]LogInit: CPU Page size=65536, Cores=4
[2017.05.17-18.30.53:226][  0]LogInit: High frequency timer resolution =14.318180 MHz
[2017.05.17-18.30.53:226][  0]LogMemory: Memory total: Physical=7.9GB (8GB approx)
[2017.05.17-18.30.53:227][  0]LogMemory: Platform Memory Stats for Windows
[2017.05.17-18.30.53:227][  0]LogMemory: Process Physical Memory: 259.55 MB used, 259.55 MB peak
[2017.05.17-18.30.53:227][  0]LogMemory: Process Virtual Memory: 262.06 MB used, 262.06 MB peak
[2017.05.17-18.30.53:227][  0]LogMemory: Physical Memory: 6415.38 MB used,  1725.27 MB free, 8140.64 MB total
[2017.05.17-18.30.53:227][  0]LogMemory: Virtual Memory: 622.09 MB used,  1725.27 MB free, 134217728.00 MB total
[2017.05.17-18.30.53:286][  0]LogTextLocalizationManager: No specific translations for ('en-US') exist, so ('en') translations will be used.
[2017.05.17-18.30.53:650][  0]LogD3D11RHI: D3D11 adapters:
[2017.05.17-18.30.54:133][  0]LogD3D11RHI:    0. 'NVIDIA GeForce GTX 980 Ti' (Feature Level 11_0)
[2017.05.17-18.30.54:133][  0]LogD3D11RHI:       6032/0/4070 MB DedicatedVideo/DedicatedSystem/SharedSystem, Outputs:2, VendorId:0x10de
[2017.05.17-18.30.54:134][  0]LogD3D11RHI:    1. 'Microsoft Basic Render Driver' (Feature Level 11_0)
[2017.05.17-18.30.54:134][  0]LogD3D11RHI:       0/0/256 MB DedicatedVideo/DedicatedSystem/SharedSystem, Outputs:0, VendorId:0x1414
[2017.05.17-18.30.54:134][  0]LogD3D11RHI: Chosen D3D11 Adapter: 0
[2017.05.17-18.30.54:138][  0]LogD3D11RHI: Creating new Direct3DDevice
[2017.05.17-18.30.54:139][  0]LogD3D11RHI:     GPU DeviceId: 0x17c8 (for the marketing name, search the web for "GPU Device Id")
[2017.05.17-18.30.54:139][  0]LogWindows: EnumDisplayDevices:
[2017.05.17-18.30.54:139][  0]LogWindows:    0. 'NVIDIA GeForce GTX 980 Ti' (P:1 D:1)
[2017.05.17-18.30.54:139][  0]LogWindows:    1. 'NVIDIA GeForce GTX 980 Ti' (P:0 D:1)
[2017.05.17-18.30.54:139][  0]LogWindows:    2. 'NVIDIA GeForce GTX 980 Ti' (P:0 D:0)
[2017.05.17-18.30.54:139][  0]LogWindows:    3. 'NVIDIA GeForce GTX 980 Ti' (P:0 D:0)
[2017.05.17-18.30.54:139][  0]LogWindows: DebugString: FoundDriverCount:4 
[2017.05.17-18.30.54:139][  0]LogD3D11RHI:     Adapter Name: NVIDIA GeForce GTX 980 Ti
[2017.05.17-18.30.54:139][  0]LogD3D11RHI:   Driver Version: 382.05 (internal:22.21.13.8205, unified:382.05)
[2017.05.17-18.30.54:139][  0]LogD3D11RHI:      Driver Date: 5-1-2017
[2017.05.17-18.30.54:139][  0]LogRHI: Texture pool is 1361 MB (70% of 1945 MB)
[2017.05.17-18.30.54:583][  0]LogD3D11RHI: Async texture creation enabled
[2017.05.17-18.30.54:610][  0]LogD3D11RHI: GPU Timing Frequency: 1000.000000 (Debug: 2 2)
[2017.05.17-18.30.54:659][  0]LogShaderCompilers: Guid format shader working directory is 13 characters bigger than the processId version (D:/Users/james/Desktop/MyProject/Intermediate/Shaders/WorkingDirectory/27792/).
[2017.05.17-18.30.54:659][  0]LogShaderCompilers: Cleaned the shader compiler working directory 'C:/Users/james/AppData/Local/Temp/UnrealShaderWorkingDir/E43F4E4543E525D22D99B48311E7263C/'.
[2017.05.17-18.30.54:659][  0]LogShaderCompilers:Display: Using Local Shader Compiler.
[2017.05.17-18.30.55:611][  0]LogTemp:Display: Loaded TP WindowsClientTargetPlatform
[2017.05.17-18.30.55:649][  0]LogTemp:Display: Loaded TP WindowsNoEditorTargetPlatform
[2017.05.17-18.30.55:688][  0]LogTemp:Display: Loaded TP WindowsServerTargetPlatform
[2017.05.17-18.30.55:719][  0]LogTemp:Display: Loaded TP WindowsTargetPlatform
[2017.05.17-18.30.55:719][  0]LogTargetPlatformManager:Display: Building Assets For Windows
[2017.05.17-18.30.56:004][  0]LogDerivedDataCache:Display: Max Cache Size: 512 MB
[2017.05.17-18.30.56:054][  0]LogDerivedDataCache: Loaded boot cache 0.05s 50MB C:/Users/james/AppData/Local/UnrealEngine/4.15/DerivedDataCache/Boot.ddc.
[2017.05.17-18.30.56:054][  0]LogDerivedDataCache:Display: Loaded Boot cache: C:/Users/james/AppData/Local/UnrealEngine/4.15/DerivedDataCache/Boot.ddc
[2017.05.17-18.30.56:055][  0]LogDerivedDataCache: FDerivedDataBackendGraph:  Pak pak cache file D:/Users/james/Desktop/MyProject/DerivedDataCache/DDC.ddp not found, will not use a pak cache.
[2017.05.17-18.30.56:055][  0]LogDerivedDataCache: Unable to find inner node Pak for hierarchical cache Hierarchy.
[2017.05.17-18.30.56:055][  0]LogDerivedDataCache: FDerivedDataBackendGraph:  CompressedPak pak cache file D:/Users/james/Desktop/MyProject/DerivedDataCache/Compressed.ddp not found, will not use a pak cache.
[2017.05.17-18.30.56:055][  0]LogDerivedDataCache: Unable to find inner node CompressedPak for hierarchical cache Hierarchy.
[2017.05.17-18.30.56:070][  0]LogDerivedDataCache:Display: Pak cache opened for reading ../../../Engine/DerivedDataCache/Compressed.ddp.
[2017.05.17-18.30.56:082][  0]LogDerivedDataCache: Using Local data cache path C:/Users/james/AppData/Local/UnrealEngine/Common/DerivedDataCache: Writable
[2017.05.17-18.30.56:406][  0]LogSlate: Using Freetype 2.6.0
[2017.05.17-18.30.56:406][  0]LogSlate: SlateFontCache - WITH_FREETYPE: 1, WITH_HARFBUZZ: 1
[2017.05.17-18.30.56:406][  0]LogSlate: SlateFontCache - WITH_FREETYPE: 1, WITH_HARFBUZZ: 1
[2017.05.17-18.30.56:601][  0]LogAssetRegistry: FAssetRegistry took 0.0001 seconds to start up
[2017.05.17-18.30.56:606][  0]LogPackageLocalizationCache: Processed 3 localized package path(s) for 2 prioritized culture(s) in 0.005498 seconds
[2017.05.17-18.30.56:622][  0]LogInit: Selected Device Profile: [Windows]
[2017.05.17-18.30.56:623][  0]LogContentStreaming: Texture pool size is 1000.00 MB
[2017.05.17-18.30.56:651][  0]LogMaterial: Missing cached shader map for material WorldGridMaterial, compiling. Is special engine material.
[2017.05.17-18.30.56:652][  0]LogTemp:Display: Added material ShaderMap 0x000000E0CB26BC80 with Material 0x000000E0CB286980 to ShaderMapsBeingCompiled
[2017.05.17-18.31.45:636][  0]LogTemp:Display: Finished compile of shader map 0x000000E0CB26BC80
[2017.05.17-18.31.45:636][  0]LogTemp:Display: Shader map WorldGridMaterial complete, GameThreadShaderMap 0x000000E0CB26BC80, marking material WorldGridMaterial as finished
[2017.05.17-18.31.45:636][  0]LogTemp:Display: Marking material as finished 0x000000E0CB286980
[2017.05.17-18.31.45:662][  0]LogMaterial: Missing cached shader map for material DefaultDeferredDecalMaterial, compiling. 
[2017.05.17-18.31.45:663][  0]LogTemp:Display: Added material ShaderMap 0x000000E0D1177C80 with Material 0x000000E0CB287B80 to ShaderMapsBeingCompiled
[2017.05.17-18.31.53:481][  0]LogTemp:Display: Finished compile of shader map 0x000000E0D1177C80
[2017.05.17-18.31.53:481][  0]LogTemp:Display: Shader map DefaultDeferredDecalMaterial complete, GameThreadShaderMap 0x000000E0D1177C80, marking material DefaultDeferredDecalMaterial as finished
[2017.05.17-18.31.53:481][  0]LogTemp:Display: Marking material as finished 0x000000E0CB287B80
[2017.05.17-18.31.53:486][  0]LogMaterial: Missing cached shader map for material DefaultLightFunctionMaterial, compiling. 
[2017.05.17-18.31.53:487][  0]LogTemp:Display: Added material ShaderMap 0x000000E0CD6C4F00 with Material 0x000000E0CB2A1600 to ShaderMapsBeingCompiled
[2017.05.17-18.31.53:643][  0]LogTemp:Display: Finished compile of shader map 0x000000E0CD6C4F00
[2017.05.17-18.31.53:643][  0]LogTemp:Display: Shader map DefaultLightFunctionMaterial complete, GameThreadShaderMap 0x000000E0CD6C4F00, marking material DefaultLightFunctionMaterial as finished
[2017.05.17-18.31.53:643][  0]LogTemp:Display: Marking material as finished 0x000000E0CB2A1600
[2017.05.17-18.31.53:648][  0]LogMaterial: Missing cached shader map for material DefaultPostProcessMaterial, compiling. 
[2017.05.17-18.31.53:649][  0]LogTemp:Display: Added material ShaderMap 0x000000E0CD6C6400 with Material 0x000000E0CB2A2B00 to ShaderMapsBeingCompiled
[2017.05.17-18.31.54:105][  0]LogTemp:Display: Finished compile of shader map 0x000000E0CD6C6400
[2017.05.17-18.31.54:105][  0]LogTemp:Display: Shader map DefaultPostProcessMaterial complete, GameThreadShaderMap 0x000000E0CD6C6400, marking material DefaultPostProcessMaterial as finished
[2017.05.17-18.31.54:105][  0]LogTemp:Display: Marking material as finished 0x000000E0CB2A2B00
[2017.05.17-18.31.54:108][  0]LogMaterial: Missing cached shader map for material Widget3DPassThrough, compiling. 
[2017.05.17-18.31.54:108][  0]LogTemp:Display: Added material ShaderMap 0x000000E0CB269600 with Material 0x000000E0CB289300 to ShaderMapsBeingCompiled
[2017.05.17-18.31.54:112][  0]LogTemp:Display: Kicking off shader compilation for Widget3DPassThrough, GameThreadShaderMap 0x000000E0CB269600
[2017.05.17-18.31.54:115][  0]LogMaterial: Missing cached shader map for material Widget3DPassThrough, compiling. 
[2017.05.17-18.31.54:115][  0]LogTemp:Display: Added material ShaderMap 0x000000E0CD6C7900 with Material 0x000000E0CB270D00 to ShaderMapsBeingCompiled
[2017.05.17-18.31.54:120][  0]LogTemp:Display: Kicking off shader compilation for Widget3DPassThrough, GameThreadShaderMap 0x000000E0CD6C7900
[2017.05.17-18.31.54:121][  0]LogTemp:Display: Added shader map 0x000000E0CB269600 from material 0x000000E0CB272800
[2017.05.17-18.31.54:121][  0]LogTemp:Display: Found existing compiling shader for material Widget3DPassThrough, linking to other GameThreadShaderMap 0x000000E0CB269600
[2017.05.17-18.31.54:124][  0]LogMaterial: Missing cached shader map for material Widget3DPassThrough, compiling. 
[2017.05.17-18.31.54:125][  0]LogTemp:Display: Added material ShaderMap 0x000000E0C93CCF00 with Material 0x000000E0CED41480 to ShaderMapsBeingCompiled
[2017.05.17-18.31.54:128][  0]LogTemp:Display: Kicking off shader compilation for Widget3DPassThrough, GameThreadShaderMap 0x000000E0C93CCF00
[2017.05.17-18.31.54:129][  0]LogMaterial: Missing cached shader map for material Widget3DPassThrough, compiling. 
[2017.05.17-18.31.54:130][  0]LogTemp:Display: Added material ShaderMap 0x000000E0CBEB1600 with Material 0x000000E0CED43580 to ShaderMapsBeingCompiled
[2017.05.17-18.31.54:132][  0]LogTemp:Display: Kicking off shader compilation for Widget3DPassThrough, GameThreadShaderMap 0x000000E0CBEB1600
[2017.05.17-18.31.54:133][  0]LogMaterial: Missing cached shader map for material Widget3DPassThrough, compiling. 
[2017.05.17-18.31.54:134][  0]LogTemp:Display: Added material ShaderMap 0x000000E0CBE57200 with Material 0x000000E0CD197A00 to ShaderMapsBeingCompiled
[2017.05.17-18.31.54:140][  0]LogTemp:Display: Kicking off shader compilation for Widget3DPassThrough, GameThreadShaderMap 0x000000E0CBE57200
[2017.05.17-18.31.54:142][  0]LogMaterial: Missing cached shader map for material Widget3DPassThrough, compiling. 
[2017.05.17-18.31.54:143][  0]LogTemp:Display: Added material ShaderMap 0x000000E0CBE0AB00 with Material 0x000000E0CD196200 to ShaderMapsBeingCompiled
[2017.05.17-18.31.54:148][  0]LogTemp:Display: Kicking off shader compilation for Widget3DPassThrough, GameThreadShaderMap 0x000000E0CBE0AB00
[2017.05.17-18.31.54:157][  0]LogMaterial: Missing cached shader map for material M_ContentWindow, compiling. 
[2017.05.17-18.31.54:158][  0]LogTemp:Display: Added material ShaderMap 0x000000E0CCA5E400 with Material 0x000000E0CD194400 to ShaderMapsBeingCompiled
[2017.05.17-18.31.54:179][  0]LogTemp:Display: Kicking off shader compilation for M_ContentWindow, GameThreadShaderMap 0x000000E0CCA5E400
[2017.05.17-18.31.54:279][  0]LogMeshUtilities: Using QuadricMeshReduction for automatic static mesh reduction
[2017.05.17-18.31.54:320][  0]LogSimplygon: Simplygon DLL not present - disabling.
[2017.05.17-18.31.54:365][  0]LogMeshUtilities: Using SimplygonSwarm for distributed automatic mesh merging
[2017.05.17-18.31.54:365][  0]LogMeshUtilities: No automatic skeletal mesh reduction module available
[2017.05.17-18.31.54:365][  0]LogMeshUtilities: No automatic mesh merging module available
[2017.05.17-18.31.54:468][  0]LogMaterial: Missing cached shader map for material TranslucentTransformGizmoMaterial, compiling. 
[2017.05.17-18.31.54:468][  0]LogTemp:Display: Added material ShaderMap 0x000000E0CEA60B80 with Material 0x000000E0CF17AC80 to ShaderMapsBeingCompiled
[2017.05.17-18.31.54:473][  0]LogTemp:Display: Kicking off shader compilation for TranslucentTransformGizmoMaterial, GameThreadShaderMap 0x000000E0CEA60B80
[2017.05.17-18.31.54:475][  0]LogMaterial: Missing cached shader map for material TransformGizmoMaterial, compiling. 
[2017.05.17-18.31.54:476][  0]LogTemp:Display: Added material ShaderMap 0x000000E0CE6C3580 with Material 0x000000E0CBE29480 to ShaderMapsBeingCompiled
[2017.05.17-18.31.54:478][  0]LogTemp:Display: Kicking off shader compilation for TransformGizmoMaterial, GameThreadShaderMap 0x000000E0CE6C3580
[2017.05.17-18.31.54:484][  0]LogMaterial: Missing cached shader map for material LineMaterial, compiling. 
[2017.05.17-18.31.54:484][  0]LogTemp:Display: Added material ShaderMap 0x000000E0CE6C0480 with Material 0x000000E0CD9D2E00 to ShaderMapsBeingCompiled
[2017.05.17-18.31.54:486][  0]LogTemp:Display: Kicking off shader compilation for LineMaterial, GameThreadShaderMap 0x000000E0CE6C0480
[2017.05.17-18.31.54:494][  0]LogMaterial: Missing cached shader map for material VRTextMaterial, compiling. 
[2017.05.17-18.31.54:494][  0]LogTemp:Display: Added material ShaderMap 0x000000E0CE673900 with Material 0x000000E0CD9D1480 to ShaderMapsBeingCompiled
[2017.05.17-18.31.54:500][  0]LogTemp:Display: Kicking off shader compilation for VRTextMaterial, GameThreadShaderMap 0x000000E0CE673900
[2017.05.17-18.31.54:501][  0]LogMaterial: Missing cached shader map for material VRTextMaterial, compiling. 
[2017.05.17-18.31.54:502][  0]LogTemp:Display: Added material ShaderMap 0x000000E0D0D4CB80 with Material 0x000000E0CE5CF100 to ShaderMapsBeingCompiled
[2017.05.17-18.31.54:506][  0]LogTemp:Display: Kicking off shader compilation for VRTextMaterial, GameThreadShaderMap 0x000000E0D0D4CB80
[2017.05.17-18.31.54:511][  0]LogMaterial: Missing cached shader map for material DefaultTextMaterialOpaque, compiling. 
[2017.05.17-18.31.54:511][  0]LogTemp:Display: Added material ShaderMap 0x000000E0D1176780 with Material 0x000000E0CE5CDD80 to ShaderMapsBeingCompiled
[2017.05.17-18.31.54:535][  0]LogTemp:Display: Kicking off shader compilation for DefaultTextMaterialOpaque, GameThreadShaderMap 0x000000E0D1176780
[2017.05.17-18.31.54:549][  0]LogMaterial: Missing cached shader map for material GenericHMDMaterial, compiling. 
[2017.05.17-18.31.54:550][  0]LogTemp:Display: Added material ShaderMap 0x000000E0CF29D280 with Material 0x000000E0CEE6EE00 to ShaderMapsBeingCompiled
[2017.05.17-18.31.54:569][  0]LogTemp:Display: Kicking off shader compilation for GenericHMDMaterial, GameThreadShaderMap 0x000000E0CF29D280
[2017.05.17-18.31.54:579][  0]LogMaterial: Missing cached shader map for material FlattenHeightMat, compiling. 
[2017.05.17-18.31.54:580][  0]LogTemp:Display: Added material ShaderMap 0x000000E0CFEA1D00 with Material 0x000000E0CEE6D480 to ShaderMapsBeingCompiled
[2017.05.17-18.31.54:585][  0]LogTemp:Display: Kicking off shader compilation for FlattenHeightMat, GameThreadShaderMap 0x000000E0CFEA1D00
[2017.05.17-18.31.54:590][  0]LogMaterial: Missing cached shader map for material GridMaterial, compiling. 
[2017.05.17-18.31.54:591][  0]LogTemp:Display: Added material ShaderMap 0x000000E0CD65DD00 with Material 0x000000E0CFE62680 to ShaderMapsBeingCompiled
[2017.05.17-18.31.54:595][  0]LogTemp:Display: Kicking off shader compilation for GridMaterial, GameThreadShaderMap 0x000000E0CD65DD00
[2017.05.17-18.31.54:603][  0]LogMaterial: Missing cached shader map for material LaserPointerMaterial, compiling. 
[2017.05.17-18.31.54:603][  0]LogTemp:Display: Added material ShaderMap 0x000000E0CAC5D980 with Material 0x000000E0CAC3B700 to ShaderMapsBeingCompiled
[2017.05.17-18.31.54:605][  0]LogTemp:Display: Kicking off shader compilation for LaserPointerMaterial, GameThreadShaderMap 0x000000E0CAC5D980
[2017.05.17-18.31.54:608][  0]LogMaterial: Missing cached shader map for material LaserPointerMaterial, compiling. 
[2017.05.17-18.31.54:609][  0]LogTemp:Display: Added material ShaderMap 0x000000E0CAC5C800 with Material 0x000000E0CAC38280 to ShaderMapsBeingCompiled
[2017.05.17-18.31.54:614][  0]LogTemp:Display: Kicking off shader compilation for LaserPointerMaterial, GameThreadShaderMap 0x000000E0CAC5C800
[2017.05.17-18.31.54:620][  0]LogMaterial: Missing cached shader map for material GridPostProcess, compiling. 
[2017.05.17-18.31.54:621][  0]LogTemp:Display: Added material ShaderMap 0x000000E0CDE93580 with Material 0x000000E0CAC01F00 to ShaderMapsBeingCompiled
[2017.05.17-18.31.54:624][  0]LogTemp:Display: Kicking off shader compilation for GridPostProcess, GameThreadShaderMap 0x000000E0CDE93580
[2017.05.17-18.31.54:659][  0]LogMaterial: Missing cached shader map for material CineMat, compiling. 
[2017.05.17-18.31.54:659][  0]LogTemp:Display: Added material ShaderMap 0x000000E0D0276E80 with Material 0x000000E0D02AD300 to ShaderMapsBeingCompiled
[2017.05.17-18.31.54:700][  0]LogTemp:Display: Kicking off shader compilation for CineMat, GameThreadShaderMap 0x000000E0D0276E80
[2017.05.17-18.31.54:714][  0]LogMaterial: Missing cached shader map for material MatineeCam_mat, compiling. 
[2017.05.17-18.31.54:715][  0]LogTemp:Display: Added material ShaderMap 0x000000E0D270AB00 with Material 0x000000E0D026D600 to ShaderMapsBeingCompiled
[2017.05.17-18.31.54:736][  0]LogTemp:Display: Kicking off shader compilation for MatineeCam_mat, GameThreadShaderMap 0x000000E0D270AB00
[2017.05.17-18.31.54:746][  0]LogMaterial: Missing cached shader map for material M_SimpleOpaque, compiling. 
[2017.05.17-18.31.54:746][  0]LogTemp:Display: Added material ShaderMap 0x000000E0D348B200 with Material 0x000000E0D09D2200 to ShaderMapsBeingCompiled
[2017.05.17-18.31.54:768][  0]LogTemp:Display: Kicking off shader compilation for M_SimpleOpaque, GameThreadShaderMap 0x000000E0D348B200
[2017.05.17-18.31.54:774][  0]LogMaterial: Missing cached shader map for material M_SimpleTranslucent, compiling. 
[2017.05.17-18.31.54:775][  0]LogTemp:Display: Added material ShaderMap 0x000000E0CDA4C480 with Material 0x000000E0D09D0B80 to ShaderMapsBeingCompiled
[2017.05.17-18.31.54:803][  0]LogTemp:Display: Kicking off shader compilation for M_SimpleTranslucent, GameThreadShaderMap 0x000000E0CDA4C480
[2017.05.17-18.31.54:944][  0]LogMaterial: Missing cached shader map for material SkySphereMaterial, compiling. 
[2017.05.17-18.31.54:944][  0]LogTemp:Display: Added material ShaderMap 0x000000E0D2CA3200 with Material 0x000000E0D2C89480 to ShaderMapsBeingCompiled
[2017.05.17-18.31.54:946][  0]LogTemp:Display: Kicking off shader compilation for SkySphereMaterial, GameThreadShaderMap 0x000000E0D2CA3200
[2017.05.17-18.31.54:954][  0]LogMaterial: Missing cached shader map for material FloorPlaneMaterial, compiling. 
[2017.05.17-18.31.54:954][  0]LogTemp:Display: Added material ShaderMap 0x000000E0D2CA1600 with Material 0x000000E0D2C89A80 to ShaderMapsBeingCompiled
[2017.05.17-18.31.54:993][  0]LogTemp:Display: Kicking off shader compilation for FloorPlaneMaterial, GameThreadShaderMap 0x000000E0D2CA1600
[2017.05.17-18.31.55:068][  0]LogMaterial: Missing cached shader map for material LandscapeGizmo_Mat, compiling. 
[2017.05.17-18.31.55:069][  0]LogTemp:Display: Added material ShaderMap 0x000000E0D8172080 with Material 0x000000E0D2C49180 to ShaderMapsBeingCompiled
[2017.05.17-18.31.55:075][  0]LogTemp:Display: Kicking off shader compilation for LandscapeGizmo_Mat, GameThreadShaderMap 0x000000E0D8172080
[2017.05.17-18.31.55:077][  0]LogTemp:Display: Added shader map 0x000000E0D8172080 from material 0x000000E0D7D8B280
[2017.05.17-18.31.55:077][  0]LogTemp:Display: Found existing compiling shader for material LandscapeGizmo_Mat, linking to other GameThreadShaderMap 0x000000E0D8172080
[2017.05.17-18.31.55:086][  0]LogMaterial: Missing cached shader map for material LandscapeGizmoHeight_Mat, compiling. 
[2017.05.17-18.31.55:087][  0]LogTemp:Display: Added material ShaderMap 0x000000E0D8138480 with Material 0x000000E0D7D8A080 to ShaderMapsBeingCompiled
[2017.05.17-18.31.55:130][  0]LogTemp:Display: Kicking off shader compilation for LandscapeGizmoHeight_Mat, GameThreadShaderMap 0x000000E0D8138480
[2017.05.17-18.31.55:144][  0]LogMaterial: Missing cached shader map for material SplineEditorMeshMat, compiling. 
[2017.05.17-18.31.55:145][  0]LogTemp:Display: Added material ShaderMap 0x000000E0DB344B80 with Material 0x000000E0D7991000 to ShaderMapsBeingCompiled
[2017.05.17-18.31.55:150][  0]LogTemp:Display: Kicking off shader compilation for SplineEditorMeshMat, GameThreadShaderMap 0x000000E0DB344B80
[2017.05.17-18.31.55:164][  0]LogMaterial: Missing cached shader map for material HelpActorMaterial, compiling. 
[2017.05.17-18.31.55:166][  0]LogTemp:Display: Added material ShaderMap 0x000000E0DC1D6080 with Material 0x000000E0DC276500 to ShaderMapsBeingCompiled
[2017.05.17-18.31.55:182][  0]LogTemp:Display: Kicking off shader compilation for HelpActorMaterial, GameThreadShaderMap 0x000000E0DC1D6080
[2017.05.17-18.31.55:299][  0]LogNetVersion: GetLocalNetworkVersion: CL: 3299760, ProjectName: myproject, ProjectVersion: , EngineNetworkVersion: 2, GameNetworkVersion: 0, NetworkChecksum: 4136520461
[2017.05.17-18.31.55:362][  0]LogInit: WinSock: version 1.1 (2.2), MaxSocks=32767, MaxUdp=65467
[2017.05.17-18.31.56:143][  0]LogMoviePlayer: Initializing movie player
[2017.05.17-18.31.56:395][  0]LogMaterial: Missing cached shader map for material DefaultSpriteMaterial, compiling. 
[2017.05.17-18.31.56:395][  0]LogTemp:Display: Added material ShaderMap 0x000000E0C920A080 with Material 0x000000E0C89E5000 to ShaderMapsBeingCompiled
[2017.05.17-18.31.56:401][  0]LogTemp:Display: Kicking off shader compilation for DefaultSpriteMaterial, GameThreadShaderMap 0x000000E0C920A080
[2017.05.17-18.31.56:404][  0]LogMaterial: Missing cached shader map for material DefaultSpriteMaterial, compiling. 
[2017.05.17-18.31.56:404][  0]LogTemp:Display: Added material ShaderMap 0x000000E0C5E66E80 with Material 0x000000E0C8E23100 to ShaderMapsBeingCompiled
[2017.05.17-18.31.56:408][  0]LogTemp:Display: Kicking off shader compilation for DefaultSpriteMaterial, GameThreadShaderMap 0x000000E0C5E66E80
[2017.05.17-18.31.56:559][  0]LogTcpMessaging: Initializing TcpMessaging bridge
[2017.05.17-18.31.56:594][  0]LogUdpMessaging: Initializing bridge on interface 0.0.0.0:0 to multicast group 230.0.0.1:6666.
[2017.05.17-18.31.56:743][  0]LogMaterial: Missing cached shader map for material DefaultMaterial, compiling. 
[2017.05.17-18.31.56:744][  0]LogTemp:Display: Added material ShaderMap 0x000000E0C566B900 with Material 0x000000E0C6E51300 to ShaderMapsBeingCompiled
[2017.05.17-18.31.56:851][  0]LogTemp:Display: Kicking off shader compilation for DefaultMaterial, GameThreadShaderMap 0x000000E0C566B900
[2017.05.17-18.31.56:979][  0]SourceControl: Info Source control is disabled
[2017.05.17-18.31.56:979][  0]SourceControl: Info Source control is disabled
[2017.05.17-18.31.57:019][  0]SourceControl: Info Source control is disabled
[2017.05.17-18.31.57:637][  0]LogUObjectArray: 34408 objects as part of root set at end of initial load.
[2017.05.17-18.31.57:637][  0]LogUObjectAllocator: 7639320 out of 0 bytes used by permanent object pool.
[2017.05.17-18.31.57:637][  0]LogUObjectArray: CloseDisregardForGC: 0/0 objects in disregard for GC pool
[2017.05.17-18.31.57:723][  0]LogMaterial: Missing cached shader map for material HighResScreenshot, compiling. 
[2017.05.17-18.31.57:724][  0]LogTemp:Display: Added material ShaderMap 0x000000E0D764CB80 with Material 0x000000E0D75CF880 to ShaderMapsBeingCompiled
[2017.05.17-18.31.57:730][  0]LogTemp:Display: Kicking off shader compilation for HighResScreenshot, GameThreadShaderMap 0x000000E0D764CB80
[2017.05.17-18.31.57:733][  0]LogMaterial: Missing cached shader map for material HighResScreenshotMask, compiling. 
[2017.05.17-18.31.57:734][  0]LogTemp:Display: Added material ShaderMap 0x000000E0DD24BC80 with Material 0x000000E0D75CD300 to ShaderMapsBeingCompiled
[2017.05.17-18.31.57:739][  0]LogTemp:Display: Kicking off shader compilation for HighResScreenshotMask, GameThreadShaderMap 0x000000E0DD24BC80
[2017.05.17-18.31.57:745][  0]LogMaterial: Missing cached shader map for material HighResScreenshotCaptureRegion, compiling. 
[2017.05.17-18.31.57:745][  0]LogTemp:Display: Added material ShaderMap 0x000000E0DD1F3580 with Material 0x000000E0DD24F580 to ShaderMapsBeingCompiled
[2017.05.17-18.31.57:748][  0]LogTemp:Display: Kicking off shader compilation for HighResScreenshotCaptureRegion, GameThreadShaderMap 0x000000E0DD1F3580
[2017.05.17-18.31.57:776][  0]LogEngine: Initializing Engine...
[2017.05.17-18.31.57:776][  0]LogHMD: Failed to initialize OpenVR with code 110
[2017.05.17-18.31.57:791][  0]LogMaterial: Missing cached shader map for material WireframeMaterial, compiling. Is special engine material.
[2017.05.17-18.31.57:792][  0]LogTemp:Display: Added material ShaderMap 0x000000E0DD1F0B80 with Material 0x000000E0DD24C280 to ShaderMapsBeingCompiled
[2017.05.17-18.31.57:844][  0]LogTemp:Display: Kicking off shader compilation for WireframeMaterial, GameThreadShaderMap 0x000000E0DD1F0B80
[2017.05.17-18.31.57:849][  0]LogMaterial: Missing cached shader map for material LevelColorationLitMaterial, compiling. Is special engine material.
[2017.05.17-18.31.57:849][  0]LogTemp:Display: Added material ShaderMap 0x000000E0DE256B00 with Material 0x000000E0DD1A1D80 to ShaderMapsBeingCompiled
[2017.05.17-18.31.58:165][  0]LogTemp:Display: Kicking off shader compilation for LevelColorationLitMaterial, GameThreadShaderMap 0x000000E0DE256B00
[2017.05.17-18.31.58:167][  0]LogMaterial: Missing cached shader map for material LevelColorationUnlitMaterial, compiling. Is special engine material.
[2017.05.17-18.31.58:168][  0]LogTemp:Display: Added material ShaderMap 0x000000E0E37F6400 with Material 0x000000E0E37D7A00 to ShaderMapsBeingCompiled
[2017.05.17-18.31.58:211][  0]LogTemp:Display: Kicking off shader compilation for LevelColorationUnlitMaterial, GameThreadShaderMap 0x000000E0E37F6400
[2017.05.17-18.31.58:217][  0]LogMaterial: Missing cached shader map for material MAT_LevelColorationLitLightmapUV, compiling. Is special engine material.
[2017.05.17-18.31.58:218][  0]LogTemp:Display: Added material ShaderMap 0x000000E0E403EE80 with Material 0x000000E0E37D5900 to ShaderMapsBeingCompiled
[2017.05.17-18.31.58:551][  0]LogTemp:Display: Kicking off shader compilation for MAT_LevelColorationLitLightmapUV, GameThreadShaderMap 0x000000E0E403EE80
[2017.05.17-18.31.58:556][  0]LogMaterial: Missing cached shader map for material ShadedLevelColorationLitMaterial, compiling. Is special engine material.
[2017.05.17-18.31.58:559][  0]LogTemp:Display: Added material ShaderMap 0x000000E0E883E400 with Material 0x000000E0E7486980 to ShaderMapsBeingCompiled
[2017.05.17-18.31.58:880][  0]LogTemp:Display: Kicking off shader compilation for ShadedLevelColorationLitMaterial, GameThreadShaderMap 0x000000E0E883E400
[2017.05.17-18.31.58:883][  0]LogMaterial: Missing cached shader map for material ShadedLevelColorationUnlitMateri, compiling. Is special engine material.
[2017.05.17-18.31.58:883][  0]LogTemp:Display: Added material ShaderMap 0x000000E0ECFFE080 with Material 0x000000E0E880FD00 to ShaderMapsBeingCompiled
[2017.05.17-18.31.58:921][  0]LogTemp:Display: Kicking off shader compilation for ShadedLevelColorationUnlitMateri, GameThreadShaderMap 0x000000E0ECFFE080
[2017.05.17-18.31.58:925][  0]LogMaterial: Missing cached shader map for material VertexColorMaterial, compiling. 
[2017.05.17-18.31.58:926][  0]LogTemp:Display: Added material ShaderMap 0x000000E0ED804100 with Material 0x000000E0E880D180 to ShaderMapsBeingCompiled
[2017.05.17-18.31.58:974][  0]LogTemp:Display: Kicking off shader compilation for VertexColorMaterial, GameThreadShaderMap 0x000000E0ED804100
[2017.05.17-18.31.58:977][  0]LogMaterial: Missing cached shader map for material VertexColorViewMode_ColorOnly, compiling. 
[2017.05.17-18.31.58:978][  0]LogTemp:Display: Added material ShaderMap 0x000000E0EDC65280 with Material 0x000000E0ED7ABA00 to ShaderMapsBeingCompiled
[2017.05.17-18.31.58:982][  0]LogTemp:Display: Kicking off shader compilation for VertexColorViewMode_ColorOnly, GameThreadShaderMap 0x000000E0EDC65280
[2017.05.17-18.31.58:983][  0]LogMaterial: Missing cached shader map for material VertexColorViewMode_AlphaAsColor, compiling. 
[2017.05.17-18.31.58:984][  0]LogTemp:Display: Added material ShaderMap 0x000000E0EDC21280 with Material 0x000000E0ED7AA200 to ShaderMapsBeingCompiled
[2017.05.17-18.31.58:988][  0]LogTemp:Display: Kicking off shader compilation for VertexColorViewMode_AlphaAsColor, GameThreadShaderMap 0x000000E0EDC21280
[2017.05.17-18.31.58:991][  0]LogMaterial: Missing cached shader map for material VertexColorViewMode_RedOnly, compiling. 
[2017.05.17-18.31.58:992][  0]LogTemp:Display: Added material ShaderMap 0x000000E0EDBAD280 with Material 0x000000E0ED7A8D00 to ShaderMapsBeingCompiled
[2017.05.17-18.31.58:997][  0]LogTemp:Display: Kicking off shader compilation for VertexColorViewMode_RedOnly, GameThreadShaderMap 0x000000E0EDBAD280
[2017.05.17-18.31.58:999][  0]LogMaterial: Missing cached shader map for material VertexColorViewMode_GreenOnly, compiling. 
[2017.05.17-18.31.58:999][  0]LogTemp:Display: Added material ShaderMap 0x000000E0EE8D5280 with Material 0x000000E0EE8F7580 to ShaderMapsBeingCompiled
[2017.05.17-18.31.59:003][  0]LogTemp:Display: Kicking off shader compilation for VertexColorViewMode_GreenOnly, GameThreadShaderMap 0x000000E0EE8D5280
[2017.05.17-18.31.59:005][  0]LogMaterial: Missing cached shader map for material VertexColorViewMode_BlueOnly, compiling. 
[2017.05.17-18.31.59:006][  0]LogTemp:Display: Added material ShaderMap 0x000000E0EE86D280 with Material 0x000000E0EE8F6080 to ShaderMapsBeingCompiled
[2017.05.17-18.31.59:011][  0]LogTemp:Display: Kicking off shader compilation for VertexColorViewMode_BlueOnly, GameThreadShaderMap 0x000000E0EE86D280
[2017.05.17-18.31.59:012][  0]LogMaterial: Missing cached shader map for material RemoveSurfaceMaterial, compiling. 
[2017.05.17-18.31.59:013][  0]LogTemp:Display: Added material ShaderMap 0x000000E0EE821980 with Material 0x000000E0EE8F4E80 to ShaderMapsBeingCompiled
[2017.05.17-18.31.59:014][  0]LogTemp:Display: Kicking off shader compilation for RemoveSurfaceMaterial, GameThreadShaderMap 0x000000E0EE821980
[2017.05.17-18.31.59:016][  0]LogMaterial: Missing cached shader map for material DebugMeshMaterial, compiling. 
[2017.05.17-18.31.59:017][  0]LogTemp:Display: Added material ShaderMap 0x000000E0EF4FBC80 with Material 0x000000E0EE7DB700 to ShaderMapsBeingCompiled
[2017.05.17-18.31.59:021][  0]LogTemp:Display: Kicking off shader compilation for DebugMeshMaterial, GameThreadShaderMap 0x000000E0EF4FBC80
[2017.05.17-18.31.59:026][  0]LogMaterial: Missing cached shader map for material M_InvalidLightmapSettings, compiling. 
[2017.05.17-18.31.59:026][  0]LogTemp:Display: Added material ShaderMap 0x000000E0EF49B580 with Material 0x000000E0EE7DA080 to ShaderMapsBeingCompiled
[2017.05.17-18.31.59:069][  0]LogTemp:Display: Kicking off shader compilation for M_InvalidLightmapSettings, GameThreadShaderMap 0x000000E0EF49B580
[2017.05.17-18.31.59:071][  0]LogMaterial: Missing cached shader map for material GizmoMaterial, compiling. 
[2017.05.17-18.31.59:071][  0]LogTemp:Display: Added material ShaderMap 0x000000E0EEBA1D00 with Material 0x000000E0EE7D8D00 to ShaderMapsBeingCompiled
[2017.05.17-18.31.59:075][  0]LogTemp:Display: Kicking off shader compilation for GizmoMaterial, GameThreadShaderMap 0x000000E0EEBA1D00
[2017.05.17-18.31.59:078][  0]LogMaterial: Missing cached shader map for material PhAT_JointLimitMaterial, compiling. 
[2017.05.17-18.31.59:078][  0]LogTemp:Display: Added material ShaderMap 0x000000E0EF8DEE80 with Material 0x000000E0EEB82B00 to ShaderMapsBeingCompiled
[2017.05.17-18.31.59:084][  0]LogTemp:Display: Kicking off shader compilation for PhAT_JointLimitMaterial, GameThreadShaderMap 0x000000E0EF8DEE80
[2017.05.17-18.31.59:103][  0]LogInit: XAudio2 using 'Speakers (3- Realtek High Definition Audio)' : 2 channels at 48 kHz using 32 bits per sample (channel mask 0x3)
[2017.05.17-18.31.59:112][  0]LogInit: FAudioDevice initialized.
[2017.05.17-18.31.59:132][  0]LogInit: Texture streaming: Enabled
[2017.05.17-18.31.59:134][  0]LogMaterial: Missing cached shader map for material BaseColor, compiling. 
[2017.05.17-18.31.59:135][  0]LogMaterial:Warning: Failed to compile Material /Engine/BufferVisualization/BaseColor.BaseColor for platform PCD3D_ES2, Default Material will be used in game.
[2017.05.17-18.31.59:135][  0]LogMaterial:Warning: 	(Node FeatureLevelSwitch) Feature Level switch missing default input
[2017.05.17-18.31.59:137][  0]LogMaterial: Missing cached shader map for material CustomDepth, compiling. 
[2017.05.17-18.31.59:142][  0]LogTemp:Display: Added material ShaderMap 0x000000E0EF886400 with Material 0x000000E0EF84DF00 to ShaderMapsBeingCompiled
[2017.05.17-18.31.59:145][  0]LogTemp:Display: Kicking off shader compilation for CustomDepth, GameThreadShaderMap 0x000000E0EF886400
[2017.05.17-18.31.59:151][  0]LogMaterial: Uniform references updated for custom material expression Custom.
[2017.05.17-18.31.59:154][  0]LogMaterial: Missing cached shader map for material CustomStencil, compiling. 
[2017.05.17-18.31.59:155][  0]LogTemp:Display: Added material ShaderMap 0x000000E0C10EEE80 with Material 0x000000E0EF84C580 to ShaderMapsBeingCompiled
[2017.05.17-18.31.59:159][  0]LogTemp:Display: Kicking off shader compilation for CustomStencil, GameThreadShaderMap 0x000000E0C10EEE80
[2017.05.17-18.31.59:161][  0]LogMaterial: Missing cached shader map for material FinalImage, compiling. 
[2017.05.17-18.31.59:162][  0]LogTemp:Display: Added material ShaderMap 0x000000E0BB5A9280 with Material 0x000000E0CAA1A380 to ShaderMapsBeingCompiled
[2017.05.17-18.31.59:165][  0]LogTemp:Display: Kicking off shader compilation for FinalImage, GameThreadShaderMap 0x000000E0BB5A9280
[2017.05.17-18.31.59:167][  0]LogMaterial: Missing cached shader map for material LightingModel, compiling. 
[2017.05.17-18.31.59:167][  0]LogTemp:Display: Added material ShaderMap 0x000000E0CA9BAB00 with Material 0x000000E0CAA18A00 to ShaderMapsBeingCompiled
[2017.05.17-18.31.59:170][  0]LogTemp:Display: Kicking off shader compilation for LightingModel, GameThreadShaderMap 0x000000E0CA9BAB00
[2017.05.17-18.31.59:174][  0]LogMaterial: Missing cached shader map for material MaterialAO, compiling. 
[2017.05.17-18.31.59:175][  0]LogTemp:Display: Added material ShaderMap 0x000000E0CA9B8800 with Material 0x000000E0CA9A3100 to ShaderMapsBeingCompiled
[2017.05.17-18.31.59:178][  0]LogTemp:Display: Kicking off shader compilation for MaterialAO, GameThreadShaderMap 0x000000E0CA9B8800
[2017.05.17-18.31.59:179][  0]LogMaterial: Missing cached shader map for material Metallic, compiling. 
[2017.05.17-18.31.59:180][  0]LogTemp:Display: Added material ShaderMap 0x000000E0F04B6080 with Material 0x000000E0CA9A1A80 to ShaderMapsBeingCompiled
[2017.05.17-18.31.59:182][  0]LogTemp:Display: Kicking off shader compilation for Metallic, GameThreadShaderMap 0x000000E0F04B6080
[2017.05.17-18.31.59:184][  0]LogMaterial: Missing cached shader map for material Opacity, compiling. 
[2017.05.17-18.31.59:185][  0]LogTemp:Display: Added material ShaderMap 0x000000E0F045BC80 with Material 0x000000E0CA9A0400 to ShaderMapsBeingCompiled
[2017.05.17-18.31.59:187][  0]LogTemp:Display: Kicking off shader compilation for Opacity, GameThreadShaderMap 0x000000E0F045BC80
[2017.05.17-18.31.59:189][  0]LogMaterial: Missing cached shader map for material Roughness, compiling. 
[2017.05.17-18.31.59:191][  0]LogTemp:Display: Added material ShaderMap 0x000000E0F0459980 with Material 0x000000E0F0446B00 to ShaderMapsBeingCompiled
[2017.05.17-18.31.59:194][  0]LogTemp:Display: Kicking off shader compilation for Roughness, GameThreadShaderMap 0x000000E0F0459980
[2017.05.17-18.31.59:196][  0]LogMaterial: Missing cached shader map for material SceneColor, compiling. 
[2017.05.17-18.31.59:196][  0]LogTemp:Display: Added material ShaderMap 0x000000E0F03E7580 with Material 0x000000E0F0445180 to ShaderMapsBeingCompiled
[2017.05.17-18.31.59:199][  0]LogTemp:Display: Kicking off shader compilation for SceneColor, GameThreadShaderMap 0x000000E0F03E7580
[2017.05.17-18.31.59:201][  0]LogMaterial: Missing cached shader map for material SceneDepth, compiling. 
[2017.05.17-18.31.59:202][  0]LogTemp:Display: Added material ShaderMap 0x000000E0F03E4F00 with Material 0x000000E0F03DB580 to ShaderMapsBeingCompiled
[2017.05.17-18.31.59:205][  0]LogTemp:Display: Kicking off shader compilation for SceneDepth, GameThreadShaderMap 0x000000E0F03E4F00
[2017.05.17-18.31.59:208][  0]LogMaterial: Missing cached shader map for material SeparateTranslucencyRGB, compiling. 
[2017.05.17-18.31.59:209][  0]LogTemp:Display: Added material ShaderMap 0x000000E0F0382B00 with Material 0x000000E0F03D9C00 to ShaderMapsBeingCompiled
[2017.05.17-18.31.59:213][  0]LogTemp:Display: Kicking off shader compilation for SeparateTranslucencyRGB, GameThreadShaderMap 0x000000E0F0382B00
[2017.05.17-18.31.59:216][  0]LogMaterial: Missing cached shader map for material SeparateTranslucencyA, compiling. 
[2017.05.17-18.31.59:216][  0]LogTemp:Display: Added material ShaderMap 0x000000E0F0380800 with Material 0x000000E0F03D8280 to ShaderMapsBeingCompiled
[2017.05.17-18.31.59:219][  0]LogTemp:Display: Kicking off shader compilation for SeparateTranslucencyA, GameThreadShaderMap 0x000000E0F0380800
[2017.05.17-18.31.59:221][  0]LogMaterial: Missing cached shader map for material Specular, compiling. 
[2017.05.17-18.31.59:221][  0]LogMaterial:Warning: Failed to compile Material /Engine/BufferVisualization/Specular.Specular for platform PCD3D_ES2, Default Material will be used in game.
[2017.05.17-18.31.59:221][  0]LogMaterial:Warning: 	(Node FeatureLevelSwitch) Feature Level switch missing default input
[2017.05.17-18.31.59:227][  0]LogMaterial: Missing cached shader map for material SubsurfaceColor, compiling. 
[2017.05.17-18.31.59:227][  0]LogTemp:Display: Added material ShaderMap 0x000000E0F02FDD00 with Material 0x000000E0F0311300 to ShaderMapsBeingCompiled
[2017.05.17-18.31.59:230][  0]LogTemp:Display: Kicking off shader compilation for SubsurfaceColor, GameThreadShaderMap 0x000000E0F02FDD00
[2017.05.17-18.31.59:233][  0]LogMaterial: Missing cached shader map for material WorldNormal, compiling. 
[2017.05.17-18.31.59:234][  0]LogTemp:Display: Added material ShaderMap 0x000000E0F029B580 with Material 0x000000E0F02D3580 to ShaderMapsBeingCompiled
[2017.05.17-18.31.59:237][  0]LogTemp:Display: Kicking off shader compilation for WorldNormal, GameThreadShaderMap 0x000000E0F029B580
[2017.05.17-18.31.59:238][  0]LogMaterial: Missing cached shader map for material AmbientOcclusion, compiling. 
[2017.05.17-18.31.59:239][  0]LogTemp:Display: Added material ShaderMap 0x000000E0F0299280 with Material 0x000000E0F02D1C00 to ShaderMapsBeingCompiled
[2017.05.17-18.31.59:246][  0]LogTemp:Display: Kicking off shader compilation for AmbientOcclusion, GameThreadShaderMap 0x000000E0F0299280
[2017.05.17-18.31.59:249][  0]LogMaterial: Missing cached shader map for material CustomDepthWorldUnits, compiling. 
[2017.05.17-18.31.59:249][  0]LogTemp:Display: Added material ShaderMap 0x000000E0F0240800 with Material 0x000000E0F02D0580 to ShaderMapsBeingCompiled
[2017.05.17-18.31.59:252][  0]LogTemp:Display: Kicking off shader compilation for CustomDepthWorldUnits, GameThreadShaderMap 0x000000E0F0240800
[2017.05.17-18.31.59:254][  0]LogMaterial: Missing cached shader map for material SceneDepthWorldUnits, compiling. 
[2017.05.17-18.31.59:254][  0]LogTemp:Display: Added material ShaderMap 0x000000E0F01C2080 with Material 0x000000E0F01D6200 to ShaderMapsBeingCompiled
[2017.05.17-18.31.59:258][  0]LogTemp:Display: Kicking off shader compilation for SceneDepthWorldUnits, GameThreadShaderMap 0x000000E0F01C2080
[2017.05.17-18.31.59:260][  0]LogMaterial: Missing cached shader map for material PreTonemapHDRColor, compiling. 
[2017.05.17-18.31.59:261][  0]LogTemp:Display: Added material ShaderMap 0x000000E0F015F580 with Material 0x000000E0F01D4700 to ShaderMapsBeingCompiled
[2017.05.17-18.31.59:263][  0]LogTemp:Display: Kicking off shader compilation for PreTonemapHDRColor, GameThreadShaderMap 0x000000E0F015F580
[2017.05.17-18.31.59:265][  0]LogMaterial: Missing cached shader map for material PostTonemapHDRColor, compiling. 
[2017.05.17-18.31.59:266][  0]LogTemp:Display: Added material ShaderMap 0x000000E0F015CB80 with Material 0x000000E0F0156980 to ShaderMapsBeingCompiled
[2017.05.17-18.31.59:269][  0]LogTemp:Display: Kicking off shader compilation for PostTonemapHDRColor, GameThreadShaderMap 0x000000E0F015CB80
[2017.05.17-18.31.59:536][  0]LogInit:Display: Game Engine Initialized.
[2017.05.17-18.31.59:708][  0]LogInit:Display: Starting Game.
[2017.05.17-18.31.59:708][  0]LogNet: Browse: /Temp/Autosaves/Game/StarterContent/Maps/UEDPCMinimal_Default?Name=Player
[2017.05.17-18.31.59:708][  0]LogLoad: LoadMap: /Temp/Autosaves/Game/StarterContent/Maps/UEDPCMinimal_Default?Name=Player
[2017.05.17-18.31.59:731][  0]LogMemory: Platform Memory Stats for Windows
[2017.05.17-18.31.59:731][  0]LogMemory: Process Physical Memory: 1114.86 MB used, 1137.41 MB peak
[2017.05.17-18.31.59:731][  0]LogMemory: Process Virtual Memory: 1175.28 MB used, 1176.72 MB peak
[2017.05.17-18.31.59:731][  0]LogMemory: Physical Memory: 7359.10 MB used,  781.55 MB free, 8140.64 MB total
[2017.05.17-18.31.59:731][  0]LogMemory: Virtual Memory: 1727.91 MB used,  781.55 MB free, 134217728.00 MB total
[2017.05.17-18.31.59:731][  0]LogMemory: 
[2017.05.17-18.31.59:731][  0]Allocator Stats for TBB: (not implemented)
[2017.05.17-18.32.00:458][  0]LogMaterial: Missing cached shader map for material M_Metal_Copper, compiling. 
[2017.05.17-18.32.00:459][  0]LogTemp:Display: Added material ShaderMap 0x000000E0F382CF00 with Material 0x000000E0F3413700 to ShaderMapsBeingCompiled
[2017.05.17-18.32.00:497][  0]LogTemp:Display: Kicking off shader compilation for M_Metal_Copper, GameThreadShaderMap 0x000000E0F382CF00
[2017.05.17-18.32.00:501][  0]LogMaterial: Missing cached shader map for material M_Chair, compiling. 
[2017.05.17-18.32.00:502][  0]LogTemp:Display: Added material ShaderMap 0x000000E0F53DA780 with Material 0x000000E0F3415600 to ShaderMapsBeingCompiled
[2017.05.17-18.32.00:542][  0]LogTemp:Display: Kicking off shader compilation for M_Chair, GameThreadShaderMap 0x000000E0F53DA780
[2017.05.17-18.32.00:549][  0]LogMaterial: Missing cached shader map for material M_Sky_Panning_Clouds2, compiling. 
[2017.05.17-18.32.00:550][  0]LogTemp:Display: Added material ShaderMap 0x000000E0F4B77900 with Material 0x000000E0EFC98880 to ShaderMapsBeingCompiled
[2017.05.17-18.32.00:552][  0]LogTemp:Display: Kicking off shader compilation for M_Sky_Panning_Clouds2, GameThreadShaderMap 0x000000E0F4B77900
[2017.05.17-18.32.00:745][  0]LogMaterial: Missing cached shader map for material M_StatueGlass, compiling. 
[2017.05.17-18.32.00:746][  0]LogTemp:Display: Added material ShaderMap 0x000000E0F4B76780 with Material 0x000000E0F3417E80 to ShaderMapsBeingCompiled
[2017.05.17-18.32.00:788][  0]LogTemp:Display: Kicking off shader compilation for M_StatueGlass, GameThreadShaderMap 0x000000E0F4B76780
[2017.05.17-18.32.00:793][  0]LogMaterial: Missing cached shader map for material M_Metal_Brushed_Nickel, compiling. 
[2017.05.17-18.32.00:794][  0]LogTemp:Display: Added material ShaderMap 0x000000E0F6824F00 with Material 0x000000E0F33FF280 to ShaderMapsBeingCompiled
[2017.05.17-18.32.00:835][  0]LogTemp:Display: Kicking off shader compilation for M_Metal_Brushed_Nickel, GameThreadShaderMap 0x000000E0F6824F00
[2017.05.17-18.32.00:838][  0]LogMaterial: Missing cached shader map for material M_Metal_Burnished_Steel, compiling. 
[2017.05.17-18.32.00:839][  0]LogTemp:Display: Added material ShaderMap 0x000000E0F6FCE780 with Material 0x000000E0F3411A80 to ShaderMapsBeingCompiled
[2017.05.17-18.32.00:878][  0]LogTemp:Display: Kicking off shader compilation for M_Metal_Burnished_Steel, GameThreadShaderMap 0x000000E0F6FCE780
[2017.05.17-18.32.00:883][  0]LogMaterial: Missing cached shader map for material CharacterMatterial, compiling. 
[2017.05.17-18.32.00:884][  0]LogTemp:Display: Added material ShaderMap 0x000000E0F784B900 with Material 0x000000E0F37F6080 to ShaderMapsBeingCompiled
[2017.05.17-18.32.00:929][  0]LogTemp:Display: Kicking off shader compilation for CharacterMatterial, GameThreadShaderMap 0x000000E0F784B900
[2017.05.17-18.32.00:932][  0]LogMaterial: Missing cached shader map for material M_Statue, compiling. 
[2017.05.17-18.32.00:933][  0]LogTemp:Display: Added material ShaderMap 0x000000E0F7F82780 with Material 0x000000E0F3828280 to ShaderMapsBeingCompiled
[2017.05.17-18.32.00:973][  0]LogTemp:Display: Kicking off shader compilation for M_Statue, GameThreadShaderMap 0x000000E0F7F82780
[2017.05.17-18.32.00:978][  0]LogMaterial: Missing cached shader map for material M_TableRound, compiling. 
[2017.05.17-18.32.00:978][  0]LogTemp:Display: Added material ShaderMap 0x000000E0F8767900 with Material 0x000000E0F3829C00 to ShaderMapsBeingCompiled
[2017.05.17-18.32.01:020][  0]LogTemp:Display: Kicking off shader compilation for M_TableRound, GameThreadShaderMap 0x000000E0F8767900
[2017.05.17-18.32.01:023][  0]LogMaterial: Missing cached shader map for material M_Basic_Floor, compiling. 
[2017.05.17-18.32.01:025][  0]LogTemp:Display: Added material ShaderMap 0x000000E0F8F80B80 with Material 0x000000E0F3C49180 to ShaderMapsBeingCompiled
[2017.05.17-18.32.01:063][  0]LogTemp:Display: Kicking off shader compilation for M_Basic_Floor, GameThreadShaderMap 0x000000E0F8F80B80
[2017.05.17-18.32.01:066][  0]LogMaterial: Missing cached shader map for material Fbx_Default_Material_1, compiling. 
[2017.05.17-18.32.01:066][  0]LogTemp:Display: Added material ShaderMap 0x000000E0F9765980 with Material 0x000000E0F3C4AC80 to ShaderMapsBeingCompiled
[2017.05.17-18.32.01:116][  0]LogTemp:Display: Kicking off shader compilation for Fbx_Default_Material_1, GameThreadShaderMap 0x000000E0F9765980
[2017.05.17-18.32.01:324][  0]LogAIModule: Creating AISystem for world Minimal_Default
[2017.05.17-18.32.01:327][  0]LogLoad: Game class is 'MyGame_C'
[2017.05.17-18.32.01:329][  0]LogTemp:Display: Finished compile of shader map 0x000000E0CB269600
[2017.05.17-18.32.01:329][  0]LogTemp:Display: Shader map Widget3DPassThrough complete, GameThreadShaderMap 0x000000E0CB269600, marking material Widget3DPassThrough as finished
[2017.05.17-18.32.01:329][  0]LogTemp:Display: Marking material as finished 0x000000E0CB289300
[2017.05.17-18.32.01:330][  0]LogTemp:Display: Shader map Widget3DPassThrough complete, GameThreadShaderMap 0x000000E0CB269600, marking material Widget3DPassThrough as finished
[2017.05.17-18.32.01:330][  0]LogTemp:Display: Marking material as finished 0x000000E0CB272800
[2017.05.17-18.32.01:331][  0]LogTemp:Display: Finished compile of shader map 0x000000E0CD6C7900
[2017.05.17-18.32.01:331][  0]LogTemp:Display: Shader map Widget3DPassThrough complete, GameThreadShaderMap 0x000000E0CD6C7900, marking material Widget3DPassThrough as finished
[2017.05.17-18.32.01:331][  0]LogTemp:Display: Marking material as finished 0x000000E0CB270D00
[2017.05.17-18.32.01:333][  0]LogTemp:Display: Finished compile of shader map 0x000000E0C93CCF00
[2017.05.17-18.32.01:333][  0]LogTemp:Display: Shader map Widget3DPassThrough complete, GameThreadShaderMap 0x000000E0C93CCF00, marking material Widget3DPassThrough as finished
[2017.05.17-18.32.01:333][  0]LogTemp:Display: Marking material as finished 0x000000E0CED41480
[2017.05.17-18.32.01:335][  0]LogTemp:Display: Finished compile of shader map 0x000000E0CBEB1600
[2017.05.17-18.32.01:335][  0]LogTemp:Display: Shader map Widget3DPassThrough complete, GameThreadShaderMap 0x000000E0CBEB1600, marking material Widget3DPassThrough as finished
[2017.05.17-18.32.01:335][  0]LogTemp:Display: Marking material as finished 0x000000E0CED43580
[2017.05.17-18.32.01:336][  0]LogTemp:Display: Finished compile of shader map 0x000000E0CBE57200
[2017.05.17-18.32.01:336][  0]LogTemp:Display: Shader map Widget3DPassThrough complete, GameThreadShaderMap 0x000000E0CBE57200, marking material Widget3DPassThrough as finished
[2017.05.17-18.32.01:336][  0]LogTemp:Display: Marking material as finished 0x000000E0CD197A00
[2017.05.17-18.32.01:339][  0]LogTemp:Display: Finished compile of shader map 0x000000E0CBE0AB00
[2017.05.17-18.32.01:339][  0]LogTemp:Display: Shader map Widget3DPassThrough complete, GameThreadShaderMap 0x000000E0CBE0AB00, marking material Widget3DPassThrough as finished
[2017.05.17-18.32.01:339][  0]LogTemp:Display: Marking material as finished 0x000000E0CD196200
[2017.05.17-18.32.01:360][  0]LogTemp:Display: Finished compile of shader map 0x000000E0CCA5E400
[2017.05.17-18.32.01:360][  0]LogTemp:Display: Shader map M_ContentWindow complete, GameThreadShaderMap 0x000000E0CCA5E400, marking material M_ContentWindow as finished
[2017.05.17-18.32.01:360][  0]LogTemp:Display: Marking material as finished 0x000000E0CD194400
[2017.05.17-18.32.01:363][  0]LogTemp:Display: Finished compile of shader map 0x000000E0CEA60B80
[2017.05.17-18.32.01:363][  0]LogTemp:Display: Shader map TranslucentTransformGizmoMaterial complete, GameThreadShaderMap 0x000000E0CEA60B80, marking material TranslucentTransformGizmoMaterial as finished
[2017.05.17-18.32.01:363][  0]LogTemp:Display: Marking material as finished 0x000000E0CF17AC80
[2017.05.17-18.32.01:365][  0]LogTemp:Display: Finished compile of shader map 0x000000E0CE6C3580
[2017.05.17-18.32.01:365][  0]LogTemp:Display: Shader map TransformGizmoMaterial complete, GameThreadShaderMap 0x000000E0CE6C3580, marking material TransformGizmoMaterial as finished
[2017.05.17-18.32.01:365][  0]LogTemp:Display: Marking material as finished 0x000000E0CBE29480
[2017.05.17-18.32.01:366][  0]LogTemp:Display: Finished compile of shader map 0x000000E0CE6C0480
[2017.05.17-18.32.01:366][  0]LogTemp:Display: Shader map LineMaterial complete, GameThreadShaderMap 0x000000E0CE6C0480, marking material LineMaterial as finished
[2017.05.17-18.32.01:366][  0]LogTemp:Display: Marking material as finished 0x000000E0CD9D2E00
[2017.05.17-18.32.01:408][  0]LogWorld: Bringing World /Temp/Autosaves/Game/StarterContent/Maps/UEDPCMinimal_Default.Minimal_Default up for play (max tick rate 0) at 2017.05.17-19.32.01
[2017.05.17-18.32.01:410][  0]LogWorld: Bringing up level for play took: 0.038191
[2017.05.17-18.32.01:436][  0]LogLoad: Took 1.728719 seconds to LoadMap(/Temp/Autosaves/Game/StarterContent/Maps/UEDPCMinimal_Default)
[2017.05.17-18.32.06:999][  0]LogRenderer: Reallocating scene render targets to support 1280x720 NumSamples 1 (Frame:2).
[2017.05.17-18.32.06:999][  0]LogLoad: (Engine Initialization) Total time: 75.65 seconds
[2017.05.17-18.32.06:999][  0]LogLoad: (Engine Initialization) Total Blueprint compile time: 0.16 seconds
[2017.05.17-18.32.06:999][  0]LogExternalProfiler: No external profilers were discovered.  External profiling features will not be available.
[2017.05.17-18.32.07:018][  0]LogOcInput: OculusInput pre-init called
[2017.05.17-18.32.07:023][  0]LogTemp:Display: Finished compile of shader map 0x000000E0CD65DD00
[2017.05.17-18.32.07:023][  0]LogTemp:Display: Shader map GridMaterial complete, GameThreadShaderMap 0x000000E0CD65DD00, marking material GridMaterial as finished
[2017.05.17-18.32.07:023][  0]LogTemp:Display: Marking material as finished 0x000000E0CFE62680
[2017.05.17-18.32.07:027][  0]LogTemp:Display: Finished compile of shader map 0x000000E0CFEA1D00
[2017.05.17-18.32.07:027][  0]LogTemp:Display: Shader map FlattenHeightMat complete, GameThreadShaderMap 0x000000E0CFEA1D00, marking material FlattenHeightMat as finished
[2017.05.17-18.32.07:027][  0]LogTemp:Display: Marking material as finished 0x000000E0CEE6D480
[2017.05.17-18.32.07:058][  1]LogTemp:Display: Finished compile of shader map 0x000000E0CF29D280
[2017.05.17-18.32.07:058][  1]LogTemp:Display: Shader map GenericHMDMaterial complete, GameThreadShaderMap 0x000000E0CF29D280, marking material GenericHMDMaterial as finished
[2017.05.17-18.32.07:058][  1]LogTemp:Display: Marking material as finished 0x000000E0CEE6EE00
[2017.05.17-18.32.07:078][  2]LogTemp:Display: Finished compile of shader map 0x000000E0D1176780
[2017.05.17-18.32.07:078][  2]LogTemp:Display: Shader map DefaultTextMaterialOpaque complete, GameThreadShaderMap 0x000000E0D1176780, marking material DefaultTextMaterialOpaque as finished
[2017.05.17-18.32.07:078][  2]LogTemp:Display: Marking material as finished 0x000000E0CE5CDD80
[2017.05.17-18.32.07:081][  2]LogTemp:Display: Finished compile of shader map 0x000000E0D0D4CB80
[2017.05.17-18.32.07:081][  2]LogTemp:Display: Shader map VRTextMaterial complete, GameThreadShaderMap 0x000000E0D0D4CB80, marking material VRTextMaterial as finished
[2017.05.17-18.32.07:081][  2]LogTemp:Display: Marking material as finished 0x000000E0CE5CF100
[2017.05.17-18.32.07:083][  2]LogTemp:Display: Finished compile of shader map 0x000000E0CE673900
[2017.05.17-18.32.07:083][  2]LogTemp:Display: Shader map VRTextMaterial complete, GameThreadShaderMap 0x000000E0CE673900, marking material VRTextMaterial as finished
[2017.05.17-18.32.07:083][  2]LogTemp:Display: Marking material as finished 0x000000E0CD9D1480
[2017.05.17-18.32.07:272][ 14]LogTemp:Display: Finished compile of shader map 0x000000E0CAC5C800
[2017.05.17-18.32.07:272][ 14]LogTemp:Display: Shader map LaserPointerMaterial complete, GameThreadShaderMap 0x000000E0CAC5C800, marking material LaserPointerMaterial as finished
[2017.05.17-18.32.07:272][ 14]LogTemp:Display: Marking material as finished 0x000000E0CAC38280
[2017.05.17-18.32.07:273][ 14]LogTemp:Display: Finished compile of shader map 0x000000E0CAC5D980
[2017.05.17-18.32.07:273][ 14]LogTemp:Display: Shader map LaserPointerMaterial complete, GameThreadShaderMap 0x000000E0CAC5D980, marking material LaserPointerMaterial as finished
[2017.05.17-18.32.07:273][ 14]LogTemp:Display: Marking material as finished 0x000000E0CAC3B700
[2017.05.17-18.32.08:393][ 81]LogTemp:Display: Finished compile of shader map 0x000000E0CDE93580
[2017.05.17-18.32.08:393][ 81]LogTemp:Display: Shader map GridPostProcess complete, GameThreadShaderMap 0x000000E0CDE93580, marking material GridPostProcess as finished
[2017.05.17-18.32.08:393][ 81]LogTemp:Display: Marking material as finished 0x000000E0CAC01F00
[2017.05.17-18.32.13:838][408]LogTemp:Display: Finished compile of shader map 0x000000E0D0276E80
[2017.05.17-18.32.13:838][408]LogTemp:Display: Shader map CineMat complete, GameThreadShaderMap 0x000000E0D0276E80, marking material CineMat as finished
[2017.05.17-18.32.13:838][408]LogTemp:Display: Marking material as finished 0x000000E0D02AD300
[2017.05.17-18.32.15:879][531]LogTemp:Display: Finished compile of shader map 0x000000E0D270AB00
[2017.05.17-18.32.15:879][531]LogTemp:Display: Shader map MatineeCam_mat complete, GameThreadShaderMap 0x000000E0D270AB00, marking material MatineeCam_mat as finished
[2017.05.17-18.32.15:879][531]LogTemp:Display: Marking material as finished 0x000000E0D026D600
[2017.05.17-18.32.18:361][680]LogTemp:Display: Finished compile of shader map 0x000000E0D348B200
[2017.05.17-18.32.18:361][680]LogTemp:Display: Shader map M_SimpleOpaque complete, GameThreadShaderMap 0x000000E0D348B200, marking material M_SimpleOpaque as finished
[2017.05.17-18.32.18:361][680]LogTemp:Display: Marking material as finished 0x000000E0D09D2200
[2017.05.17-18.32.21:341][860]LogTemp:Display: Finished compile of shader map 0x000000E0D2CA3200
[2017.05.17-18.32.21:341][860]LogTemp:Display: Shader map SkySphereMaterial complete, GameThreadShaderMap 0x000000E0D2CA3200, marking material SkySphereMaterial as finished
[2017.05.17-18.32.21:341][860]LogTemp:Display: Marking material as finished 0x000000E0D2C89480
[2017.05.17-18.32.21:354][860]LogTemp:Display: Finished compile of shader map 0x000000E0CDA4C480
[2017.05.17-18.32.21:354][860]LogTemp:Display: Shader map M_SimpleTranslucent complete, GameThreadShaderMap 0x000000E0CDA4C480, marking material M_SimpleTranslucent as finished
[2017.05.17-18.32.21:354][860]LogTemp:Display: Marking material as finished 0x000000E0D09D0B80
[2017.05.17-18.32.24:972][ 78]LogTemp:Display: Finished compile of shader map 0x000000E0D2CA1600
[2017.05.17-18.32.24:972][ 78]LogTemp:Display: Shader map FloorPlaneMaterial complete, GameThreadShaderMap 0x000000E0D2CA1600, marking material FloorPlaneMaterial as finished
[2017.05.17-18.32.24:972][ 78]LogTemp:Display: Marking material as finished 0x000000E0D2C89A80
[2017.05.17-18.32.26:127][148]LogTemp:Display: Finished compile of shader map 0x000000E0D8172080
[2017.05.17-18.32.26:127][148]LogTemp:Display: Shader map LandscapeGizmo_Mat complete, GameThreadShaderMap 0x000000E0D8172080, marking material LandscapeGizmo_Mat as finished
[2017.05.17-18.32.26:127][148]LogTemp:Display: Marking material as finished 0x000000E0D2C49180
[2017.05.17-18.32.26:128][148]LogTemp:Display: Shader map LandscapeGizmo_Mat complete, GameThreadShaderMap 0x000000E0D8172080, marking material LandscapeGizmo_Mat as finished
[2017.05.17-18.32.26:128][148]LogTemp:Display: Marking material as finished 0x000000E0D7D8B280
[2017.05.17-18.32.30:333][400]LogTemp:Display: Finished compile of shader map 0x000000E0D8138480
[2017.05.17-18.32.30:333][400]LogTemp:Display: Shader map LandscapeGizmoHeight_Mat complete, GameThreadShaderMap 0x000000E0D8138480, marking material LandscapeGizmoHeight_Mat as finished
[2017.05.17-18.32.30:333][400]LogTemp:Display: Marking material as finished 0x000000E0D7D8A080
[2017.05.17-18.32.30:413][405]LogTemp:Display: Finished compile of shader map 0x000000E0DB344B80
[2017.05.17-18.32.30:413][405]LogTemp:Display: Shader map SplineEditorMeshMat complete, GameThreadShaderMap 0x000000E0DB344B80, marking material SplineEditorMeshMat as finished
[2017.05.17-18.32.30:413][405]LogTemp:Display: Marking material as finished 0x000000E0D7991000
[2017.05.17-18.32.31:967][499]LogTemp:Display: Finished compile of shader map 0x000000E0C920A080
[2017.05.17-18.32.31:967][499]LogTemp:Display: Shader map DefaultSpriteMaterial complete, GameThreadShaderMap 0x000000E0C920A080, marking material DefaultSpriteMaterial as finished
[2017.05.17-18.32.31:967][499]LogTemp:Display: Marking material as finished 0x000000E0C89E5000
[2017.05.17-18.32.32:596][537]LogTemp:Display: Finished compile of shader map 0x000000E0DC1D6080
[2017.05.17-18.32.32:596][537]LogTemp:Display: Shader map HelpActorMaterial complete, GameThreadShaderMap 0x000000E0DC1D6080, marking material HelpActorMaterial as finished
[2017.05.17-18.32.32:596][537]LogTemp:Display: Marking material as finished 0x000000E0DC276500
[2017.05.17-18.32.33:444][588]LogTemp:Display: Finished compile of shader map 0x000000E0C5E66E80
[2017.05.17-18.32.33:444][588]LogTemp:Display: Shader map DefaultSpriteMaterial complete, GameThreadShaderMap 0x000000E0C5E66E80, marking material DefaultSpriteMaterial as finished
[2017.05.17-18.32.33:444][588]LogTemp:Display: Marking material as finished 0x000000E0C8E23100
[2017.05.17-18.32.34:143][625]LogWindowsTextInputMethodSystem:Display: IME system now deactivated.
[2017.05.17-18.32.34:165][625]LogEngine: All Windows Closed
[2017.05.17-18.32.34:165][625]LogWindows: FPlatformMisc::RequestExit(0)
[2017.05.17-18.32.34:166][626]LogMoviePlayer: Shutting down movie player
[2017.05.17-18.32.34:815][626]LogExit: Preparing to exit.
[2017.05.17-18.32.35:776][626]LogTemp:Display: Removed shader map 0x000000E0C566B900 from material 0x000000E0C6E51300
[2017.05.17-18.32.35:776][626]LogTemp:Display: Removed shader map 0x000000E0D764CB80 from material 0x000000E0D75CF880
[2017.05.17-18.32.35:776][626]LogTemp:Display: Removed shader map 0x000000E0DD24BC80 from material 0x000000E0D75CD300
[2017.05.17-18.32.35:776][626]LogTemp:Display: Removed shader map 0x000000E0DD1F3580 from material 0x000000E0DD24F580
[2017.05.17-18.32.35:776][626]LogExit: Game engine shut down
[2017.05.17-18.32.35:777][626]LogTemp:Display: Removed shader map 0x000000E0DD1F0B80 from material 0x000000E0DD24C280
[2017.05.17-18.32.35:777][626]LogTemp:Display: Removed shader map 0x000000E0DE256B00 from material 0x000000E0DD1A1D80
[2017.05.17-18.32.35:777][626]LogTemp:Display: Removed shader map 0x000000E0E37F6400 from material 0x000000E0E37D7A00
[2017.05.17-18.32.35:777][626]LogTemp:Display: Removed shader map 0x000000E0E403EE80 from material 0x000000E0E37D5900
[2017.05.17-18.32.35:777][626]LogTemp:Display: Removed shader map 0x000000E0E883E400 from material 0x000000E0E7486980
[2017.05.17-18.32.35:777][626]LogTemp:Display: Removed shader map 0x000000E0ECFFE080 from material 0x000000E0E880FD00
[2017.05.17-18.32.35:777][626]LogTemp:Display: Removed shader map 0x000000E0ED804100 from material 0x000000E0E880D180
[2017.05.17-18.32.35:777][626]LogTemp:Display: Removed shader map 0x000000E0EDC65280 from material 0x000000E0ED7ABA00
[2017.05.17-18.32.35:777][626]LogTemp:Display: Removed shader map 0x000000E0EDC21280 from material 0x000000E0ED7AA200
[2017.05.17-18.32.35:777][626]LogTemp:Display: Removed shader map 0x000000E0EDBAD280 from material 0x000000E0ED7A8D00
[2017.05.17-18.32.35:777][626]LogTemp:Display: Removed shader map 0x000000E0EE8D5280 from material 0x000000E0EE8F7580
[2017.05.17-18.32.35:777][626]LogTemp:Display: Removed shader map 0x000000E0EE86D280 from material 0x000000E0EE8F6080
[2017.05.17-18.32.35:777][626]LogTemp:Display: Removed shader map 0x000000E0EE821980 from material 0x000000E0EE8F4E80
[2017.05.17-18.32.35:777][626]LogTemp:Display: Removed shader map 0x000000E0EF4FBC80 from material 0x000000E0EE7DB700
[2017.05.17-18.32.35:777][626]LogTemp:Display: Removed shader map 0x000000E0EF49B580 from material 0x000000E0EE7DA080
[2017.05.17-18.32.35:777][626]LogTemp:Display: Removed shader map 0x000000E0EEBA1D00 from material 0x000000E0EE7D8D00
[2017.05.17-18.32.35:777][626]LogTemp:Display: Removed shader map 0x000000E0EF8DEE80 from material 0x000000E0EEB82B00
[2017.05.17-18.32.35:777][626]LogTemp:Display: Removed shader map 0x000000E0EF886400 from material 0x000000E0EF84DF00
[2017.05.17-18.32.35:777][626]LogTemp:Display: Removed shader map 0x000000E0C10EEE80 from material 0x000000E0EF84C580
[2017.05.17-18.32.35:777][626]LogTemp:Display: Removed shader map 0x000000E0BB5A9280 from material 0x000000E0CAA1A380
[2017.05.17-18.32.35:777][626]LogTemp:Display: Removed shader map 0x000000E0CA9BAB00 from material 0x000000E0CAA18A00
[2017.05.17-18.32.35:777][626]LogTemp:Display: Removed shader map 0x000000E0CA9B8800 from material 0x000000E0CA9A3100
[2017.05.17-18.32.35:777][626]LogTemp:Display: Removed shader map 0x000000E0F04B6080 from material 0x000000E0CA9A1A80
[2017.05.17-18.32.35:777][626]LogTemp:Display: Removed shader map 0x000000E0F045BC80 from material 0x000000E0CA9A0400
[2017.05.17-18.32.35:777][626]LogTemp:Display: Removed shader map 0x000000E0F0459980 from material 0x000000E0F0446B00
[2017.05.17-18.32.35:777][626]LogTemp:Display: Removed shader map 0x000000E0F03E7580 from material 0x000000E0F0445180
[2017.05.17-18.32.35:777][626]LogTemp:Display: Removed shader map 0x000000E0F03E4F00 from material 0x000000E0F03DB580
[2017.05.17-18.32.35:777][626]LogTemp:Display: Removed shader map 0x000000E0F0382B00 from material 0x000000E0F03D9C00
[2017.05.17-18.32.35:777][626]LogTemp:Display: Removed shader map 0x000000E0F0380800 from material 0x000000E0F03D8280
[2017.05.17-18.32.35:777][626]LogTemp:Display: Removed shader map 0x000000E0F02FDD00 from material 0x000000E0F0311300
[2017.05.17-18.32.35:777][626]LogTemp:Display: Removed shader map 0x000000E0F029B580 from material 0x000000E0F02D3580
[2017.05.17-18.32.35:777][626]LogTemp:Display: Removed shader map 0x000000E0F0299280 from material 0x000000E0F02D1C00
[2017.05.17-18.32.35:777][626]LogTemp:Display: Removed shader map 0x000000E0F0240800 from material 0x000000E0F02D0580
[2017.05.17-18.32.35:777][626]LogTemp:Display: Removed shader map 0x000000E0F01C2080 from material 0x000000E0F01D6200
[2017.05.17-18.32.35:777][626]LogTemp:Display: Removed shader map 0x000000E0F015F580 from material 0x000000E0F01D4700
[2017.05.17-18.32.35:777][626]LogTemp:Display: Removed shader map 0x000000E0F015CB80 from material 0x000000E0F0156980
[2017.05.17-18.32.35:784][626]LogTemp:Display: Removed shader map 0x000000E0F4B77900 from material 0x000000E0EFC98880
[2017.05.17-18.32.35:784][626]LogTemp:Display: Removed shader map 0x000000E0F6824F00 from material 0x000000E0F33FF280
[2017.05.17-18.32.35:784][626]LogTemp:Display: Removed shader map 0x000000E0F6FCE780 from material 0x000000E0F3411A80
[2017.05.17-18.32.35:784][626]LogTemp:Display: Removed shader map 0x000000E0F382CF00 from material 0x000000E0F3413700
[2017.05.17-18.32.35:784][626]LogTemp:Display: Removed shader map 0x000000E0F53DA780 from material 0x000000E0F3415600
[2017.05.17-18.32.35:784][626]LogTemp:Display: Removed shader map 0x000000E0F4B76780 from material 0x000000E0F3417E80
[2017.05.17-18.32.35:785][626]LogTemp:Display: Removed shader map 0x000000E0F9765980 from material 0x000000E0F3C4AC80
[2017.05.17-18.32.35:785][626]LogTemp:Display: Removed shader map 0x000000E0F8F80B80 from material 0x000000E0F3C49180
[2017.05.17-18.32.35:785][626]LogTemp:Display: Removed shader map 0x000000E0F8767900 from material 0x000000E0F3829C00
[2017.05.17-18.32.35:785][626]LogTemp:Display: Removed shader map 0x000000E0F7F82780 from material 0x000000E0F3828280
[2017.05.17-18.32.35:785][626]LogTemp:Display: Removed shader map 0x000000E0F784B900 from material 0x000000E0F37F6080
[2017.05.17-18.32.35:877][626]LogObj: Freed 0b from 0 cluster array pools.
[2017.05.17-18.32.35:877][626]LogExit: Object subsystem successfully closed.
[2017.05.17-18.32.35:897][626]LogD3D11RHI: Shutdown
[2017.05.17-18.32.35:897][626]LogD3D11RHI: CleanupD3DDevice
[2017.05.17-18.32.35:936][626]LogD3D11RHI: ~FD3D11DynamicRHI
[2017.05.17-18.32.35:960][626]LogModuleManager: Shutting down and abandoning module SequenceRecorderSections (264)
[2017.05.17-18.32.35:961][626]LogModuleManager: Shutting down and abandoning module SequenceRecorder (262)
[2017.05.17-18.32.35:961][626]LogModuleManager: Shutting down and abandoning module AutomationController (260)
[2017.05.17-18.32.35:961][626]LogModuleManager: Shutting down and abandoning module AutomationWorker (258)
[2017.05.17-18.32.35:961][626]LogModuleManager: Shutting down and abandoning module AIModule (256)
[2017.05.17-18.32.35:961][626]LogModuleManager: Shutting down and abandoning module GameplayDebugger (255)
[2017.05.17-18.32.35:961][626]LogModuleManager: Shutting down and abandoning module AITestSuite (253)
[2017.05.17-18.32.35:961][626]LogModuleManager: Shutting down and abandoning module WmfMediaFactory (250)
[2017.05.17-18.32.35:961][626]LogModuleManager: Shutting down and abandoning module MfMediaFactory (248)
[2017.05.17-18.32.35:961][626]LogModuleManager: Shutting down and abandoning module AvfMediaFactory (246)
[2017.05.17-18.32.35:961][626]LogModuleManager: Shutting down and abandoning module AndroidMediaFactory (244)
[2017.05.17-18.32.35:961][626]LogModuleManager: Shutting down and abandoning module Media (243)
[2017.05.17-18.32.35:961][626]LogModuleManager: Shutting down and abandoning module CharacterAI (240)
[2017.05.17-18.32.35:961][626]LogModuleManager: Shutting down and abandoning module SessionServices (238)
[2017.05.17-18.32.35:961][626]LogModuleManager: Shutting down and abandoning module MovieSceneCapture (236)
[2017.05.17-18.32.35:961][626]LogModuleManager: Shutting down and abandoning module GeometryCache (234)
[2017.05.17-18.32.35:961][626]LogModuleManager: Shutting down and abandoning module GeometryCacheEd (233)
[2017.05.17-18.32.35:961][626]LogModuleManager: Shutting down and abandoning module Niagara (230)
[2017.05.17-18.32.35:961][626]LogModuleManager: Shutting down and abandoning module StreamingPauseRendering (228)
[2017.05.17-18.32.35:961][626]LogModuleManager: Shutting down and abandoning module PortalServices (226)
[2017.05.17-18.32.35:961][626]LogModuleManager: Shutting down and abandoning module PortalRpc (224)
[2017.05.17-18.32.35:961][626]LogModuleManager: Shutting down and abandoning module MessagingRpc (222)
[2017.05.17-18.32.35:961][626]LogModuleManager: Shutting down and abandoning module ProfilerService (220)
[2017.05.17-18.32.36:001][626]LogModuleManager: Shutting down and abandoning module TaskGraph (218)
[2017.05.17-18.32.36:003][626]LogModuleManager: Shutting down and abandoning module SteamVRController (216)
[2017.05.17-18.32.36:003][626]LogModuleManager: Shutting down and abandoning module SteamVR (214)
[2017.05.17-18.32.36:003][626]LogModuleManager: Shutting down and abandoning module ProceduralMeshComponent (212)
[2017.05.17-18.32.36:003][626]LogModuleManager: Shutting down and abandoning module OculusLibrary (210)
[2017.05.17-18.32.36:003][626]LogModuleManager: Shutting down and abandoning module OculusInput (208)
[2017.05.17-18.32.36:003][626]LogModuleManager: Shutting down and abandoning module MobilePatchingUtils (206)
[2017.05.17-18.32.36:003][626]LogModuleManager: Shutting down and abandoning module CustomMeshComponent (204)
[2017.05.17-18.32.36:003][626]LogModuleManager: Shutting down and abandoning module CableComponent (202)
[2017.05.17-18.32.36:003][626]LogModuleManager: Shutting down and abandoning module ArchVisCharacter (200)
[2017.05.17-18.32.36:003][626]LogModuleManager: Shutting down and abandoning module HTML5Networking (196)
[2017.05.17-18.32.36:003][626]LogModuleManager: Shutting down and abandoning module VisualStudioSourceCodeAccess (194)
[2017.05.17-18.32.36:004][626]LogModuleManager: Shutting down and abandoning module DesktopPlatform (193)
[2017.05.17-18.32.36:004][626]LogModuleManager: Shutting down and abandoning module HotReload (191)
[2017.05.17-18.32.36:005][626]LogModuleManager: Shutting down and abandoning module DirectoryWatcher (190)
[2017.05.17-18.32.36:005][626]LogModuleManager: Shutting down and abandoning module UObjectPlugin (186)
[2017.05.17-18.32.36:005][626]LogModuleManager: Shutting down and abandoning module SubversionSourceControl (184)
[2017.05.17-18.32.36:005][626]LogModuleManager: Shutting down and abandoning module PerforceSourceControl (182)
[2017.05.17-18.32.36:006][626]LogModuleManager: Shutting down and abandoning module SourceControl (181)
[2017.05.17-18.32.36:007][626]LogModuleManager: Shutting down and abandoning module PhysXVehiclesEditor (178)
[2017.05.17-18.32.36:007][626]LogModuleManager: Shutting down and abandoning module PhysXVehicles (176)
[2017.05.17-18.32.36:007][626]LogModuleManager: Shutting down and abandoning module LocationServicesBPLibrary (174)
[2017.05.17-18.32.36:007][626]LogModuleManager: Shutting down and abandoning module UdpMessaging (172)
[2017.05.17-18.32.36:108][626]LogModuleManager: Shutting down and abandoning module TcpMessaging (170)
[2017.05.17-18.32.36:597][626]LogModuleManager: Shutting down and abandoning module GameplayTagsEditor (168)
[2017.05.17-18.32.36:597][626]LogModuleManager: Shutting down and abandoning module FacialAnimation (166)
[2017.05.17-18.32.36:597][626]LogModuleManager: Shutting down and abandoning module LightPropagationVolumeRuntime (164)
[2017.05.17-18.32.36:597][626]LogModuleManager: Shutting down and abandoning module Paper2D (162)
[2017.05.17-18.32.36:597][626]LogModuleManager: Shutting down and abandoning module WindowsMoviePlayer (160)
[2017.05.17-18.32.36:597][626]LogModuleManager: Shutting down and abandoning module WmfMedia (158)
[2017.05.17-18.32.36:598][626]LogModuleManager: Shutting down and abandoning module MfMedia (156)
[2017.05.17-18.32.36:598][626]LogModuleManager: Shutting down and abandoning module MediaAssets (154)
[2017.05.17-18.32.36:598][626]LogModuleManager: Shutting down and abandoning module GameLiveStreaming (152)
[2017.05.17-18.32.36:598][626]LogModuleManager: Shutting down and abandoning module VREditor (150)
[2017.05.17-18.32.36:598][626]LogModuleManager: Shutting down and abandoning module GameplayTasksEditor (148)
[2017.05.17-18.32.36:598][626]LogModuleManager: Shutting down and abandoning module BehaviorTreeEditor (146)
[2017.05.17-18.32.36:599][626]LogModuleManager: Shutting down and abandoning module FunctionalTesting (144)
[2017.05.17-18.32.36:600][626]LogModuleManager: Shutting down and abandoning module CollisionAnalyzer (142)
[2017.05.17-18.32.36:600][626]LogModuleManager: Shutting down and abandoning module UMG (140)
[2017.05.17-18.32.36:601][626]LogModuleManager: Shutting down and abandoning module UMGEditor (139)
[2017.05.17-18.32.36:603][626]LogModuleManager: Shutting down and abandoning module Sequencer (138)
[2017.05.17-18.32.36:604][626]LogModuleManager: Shutting down and abandoning module AssetTools (136)
[2017.05.17-18.32.36:606][626]LogModuleManager: Shutting down and abandoning module MessageLog (135)
[2017.05.17-18.32.36:606][626]LogModuleManager: Shutting down and abandoning module WorkspaceMenuStructure (134)
[2017.05.17-18.32.36:606][626]LogModuleManager: Shutting down and abandoning module SlateReflector (128)
[2017.05.17-18.32.36:608][626]LogModuleManager: Shutting down and abandoning module Slate (126)
[2017.05.17-18.32.36:608][626]LogModuleManager: Shutting down and abandoning module EditorStyle (124)
[2017.05.17-18.32.36:610][626]LogModuleManager: Shutting down and abandoning module Messaging (122)
[2017.05.17-18.32.36:610][626]LogModuleManager: Shutting down and abandoning module SourceCodeAccess (120)
[2017.05.17-18.32.36:610][626]LogModuleManager: Shutting down and abandoning module HeadMountedDisplay (118)
[2017.05.17-18.32.36:610][626]LogModuleManager: Shutting down and abandoning module XAudio2 (116)
[2017.05.17-18.32.36:610][626]LogModuleManager: Shutting down and abandoning module Networking (114)
[2017.05.17-18.32.36:610][626]LogModuleManager: Shutting down and abandoning module Core (110)
[2017.05.17-18.32.36:610][626]LogModuleManager: Shutting down and abandoning module KismetCompiler (108)
[2017.05.17-18.32.36:610][626]LogModuleManager: Shutting down and abandoning module PhysXFormats (106)
[2017.05.17-18.32.36:610][626]LogModuleManager: Shutting down and abandoning module MeshUtilities (104)
[2017.05.17-18.32.36:611][626]LogModuleManager: Shutting down and abandoning module SimplygonSwarm (103)
[2017.05.17-18.32.36:612][626]LogModuleManager: Shutting down and abandoning module SimplygonMeshReduction (101)
[2017.05.17-18.32.36:612][626]LogModuleManager: Shutting down and abandoning module QuadricMeshReduction (99)
[2017.05.17-18.32.36:612][626]LogModuleManager: Shutting down and abandoning module PropertyEditor (97)
[2017.05.17-18.32.36:612][626]LogModuleManager: Shutting down and abandoning module AssetRegistry (94)
[2017.05.17-18.32.36:612][626]LogModuleManager: Shutting down and abandoning module DerivedDataCache (92)
[2017.05.17-18.32.36:731][626]LogDerivedDataCache: Shutdown
[2017.05.17-18.32.36:731][626]LogModuleManager: Shutting down and abandoning module TargetPlatform (90)
[2017.05.17-18.32.36:731][626]LogModuleManager: Shutting down and abandoning module VulkanShaderFormat (89)
[2017.05.17-18.32.36:731][626]LogModuleManager: Shutting down and abandoning module ShaderFormatOpenGL (87)
[2017.05.17-18.32.36:732][626]LogModuleManager: Shutting down and abandoning module ShaderFormatD3D (85)
[2017.05.17-18.32.36:732][626]LogModuleManager: Shutting down and abandoning module MetalShaderFormat (83)
[2017.05.17-18.32.36:732][626]LogModuleManager: Shutting down and abandoning module TextureFormatUncompressed (81)
[2017.05.17-18.32.36:732][626]LogModuleManager: Shutting down and abandoning module TextureFormatPVR (79)
[2017.05.17-18.32.36:732][626]LogModuleManager: Shutting down and abandoning module TextureFormatDXT (77)
[2017.05.17-18.32.36:732][626]LogModuleManager: Shutting down and abandoning module TextureFormatIntelISPCTexComp (75)
[2017.05.17-18.32.36:733][626]LogModuleManager: Shutting down and abandoning module TextureFormatASTC (73)
[2017.05.17-18.32.36:733][626]LogModuleManager: Shutting down and abandoning module ImageWrapper (72)
[2017.05.17-18.32.36:733][626]LogModuleManager: Shutting down and abandoning module TextureFormatAndroid (69)
[2017.05.17-18.32.36:733][626]LogModuleManager: Shutting down and abandoning module AudioFormatOpus (67)
[2017.05.17-18.32.36:733][626]LogModuleManager: Shutting down and abandoning module AudioFormatOgg (65)
[2017.05.17-18.32.36:733][626]LogModuleManager: Shutting down and abandoning module AudioFormatADPCM (63)
[2017.05.17-18.32.36:733][626]LogModuleManager: Shutting down and abandoning module WindowsTargetPlatform (61)
[2017.05.17-18.32.36:733][626]LogModuleManager: Shutting down and abandoning module WindowsServerTargetPlatform (59)
[2017.05.17-18.32.36:733][626]LogModuleManager: Shutting down and abandoning module WindowsNoEditorTargetPlatform (57)
[2017.05.17-18.32.36:733][626]LogModuleManager: Shutting down and abandoning module WindowsClientTargetPlatform (55)
[2017.05.17-18.32.36:733][626]LogModuleManager: Shutting down and abandoning module InputCore (52)
[2017.05.17-18.32.36:733][626]LogModuleManager: Shutting down and abandoning module Settings (50)
[2017.05.17-18.32.36:733][626]LogModuleManager: Shutting down and abandoning module OculusRift (48)
[2017.05.17-18.32.36:733][626]LogModuleManager: Shutting down and abandoning module GearVR (46)
[2017.05.17-18.32.36:733][626]LogModuleManager: Shutting down and abandoning module ExampleDeviceProfileSelector (44)
[2017.05.17-18.32.36:733][626]LogModuleManager: Shutting down and abandoning module OnlineBlueprintSupport (42)
[2017.05.17-18.32.36:733][626]LogModuleManager: Shutting down and abandoning module OnlineSubsystem (38)
[2017.05.17-18.32.36:733][626]LogOnline:Display: Unloading online subsystem: NULL
[2017.05.17-18.32.36:734][626]LogModuleManager: Shutting down and abandoning module XMPP (37)
[2017.05.17-18.32.36:735][626]LogModuleManager: Shutting down and abandoning module HTTP (35)
[2017.05.17-18.32.36:741][626]LogModuleManager: Shutting down and abandoning module SSL (34)
[2017.05.17-18.32.36:742][626]LogModuleManager: Shutting down and abandoning module AudioEditor (30)
[2017.05.17-18.32.36:743][626]LogModuleManager: Shutting down and abandoning module TextureCompressor (28)
[2017.05.17-18.32.36:743][626]LogModuleManager: Shutting down and abandoning module ShaderCore (26)
[2017.05.17-18.32.36:743][626]LogModuleManager: Shutting down and abandoning module Landscape (24)
[2017.05.17-18.32.36:743][626]LogModuleManager: Shutting down and abandoning module SlateRHIRenderer (22)
[2017.05.17-18.32.36:744][626]LogModuleManager: Shutting down and abandoning module OpenGLDrv (20)
[2017.05.17-18.32.36:744][626]LogModuleManager: Shutting down and abandoning module D3D11RHI (18)
[2017.05.17-18.32.36:744][626]LogModuleManager: Shutting down and abandoning module AnimGraphRuntime (16)
[2017.05.17-18.32.36:745][626]LogModuleManager: Shutting down and abandoning module Renderer (14)
[2017.05.17-18.32.36:745][626]LogModuleManager: Shutting down and abandoning module Engine (12)
[2017.05.17-18.32.36:745][626]LogModuleManager: Shutting down and abandoning module CoreUObject (10)
[2017.05.17-18.32.36:745][626]LogModuleManager: Shutting down and abandoning module NetworkFile (8)
[2017.05.17-18.32.36:745][626]LogModuleManager: Shutting down and abandoning module StreamingFile (6)
[2017.05.17-18.32.36:745][626]LogModuleManager: Shutting down and abandoning module SandboxFile (4)
[2017.05.17-18.32.36:745][626]LogModuleManager: Shutting down and abandoning module PakFile (2)
[2017.05.17-18.32.36:746][626]LogExit: Exiting.
[2017.05.17-18.32.36:747][626]Log file closed, 05/17/17 19:32:36
